[    0.000000] Initializing cgroup subsys cpuset
[    0.000000] Initializing cgroup subsys cpu
[    0.000000] Initializing cgroup subsys cpuacct
[    0.000000] Linux version 4.4.0-187-generic (buildd@lgw01-amd64-035) (gcc version 5.4.0 20160609 (Ubuntu 5.4.0-6ubuntu1~16.04.12) ) #217-Ubuntu SMP Tue Jul 21 04:18:15 UTC 2020 (Ubuntu 4.4.0-187.217-generic 4.4.230)
[    0.000000] Command line: BOOT_IMAGE=/boot/vmlinuz-4.4.0-187-generic root=LABEL=cloudimg-rootfs ro console=tty1 console=ttyS0
[    0.000000] KERNEL supported cpus:
[    0.000000]   Intel GenuineIntel
[    0.000000]   AMD AuthenticAMD
[    0.000000]   Centaur CentaurHauls
[    0.000000] x86/fpu: xstate_offset[2]:  576, xstate_sizes[2]:  256
[    0.000000] x86/fpu: Supporting XSAVE feature 0x01: 'x87 floating point registers'
[    0.000000] x86/fpu: Supporting XSAVE feature 0x02: 'SSE registers'
[    0.000000] x86/fpu: Supporting XSAVE feature 0x04: 'AVX registers'
[    0.000000] x86/fpu: Enabled xstate features 0x7, context size is 832 bytes, using 'standard' format.
[    0.000000] e820: BIOS-provided physical RAM map:
[    0.000000] BIOS-e820: [mem 0x0000000000000000-0x000000000009fbff] usable
[    0.000000] BIOS-e820: [mem 0x000000000009fc00-0x000000000009ffff] reserved
[    0.000000] BIOS-e820: [mem 0x00000000000f0000-0x00000000000fffff] reserved
[    0.000000] BIOS-e820: [mem 0x0000000000100000-0x000000001ffeffff] usable
[    0.000000] BIOS-e820: [mem 0x000000001fff0000-0x000000001fffffff] ACPI data
[    0.000000] BIOS-e820: [mem 0x00000000fec00000-0x00000000fec00fff] reserved
[    0.000000] BIOS-e820: [mem 0x00000000fee00000-0x00000000fee00fff] reserved
[    0.000000] BIOS-e820: [mem 0x00000000fffc0000-0x00000000ffffffff] reserved
[    0.000000] NX (Execute Disable) protection: active
[    0.000000] SMBIOS 2.5 present.
[    0.000000] Hypervisor detected: KVM
[    0.000000] e820: last_pfn = 0x1fff0 max_arch_pfn = 0x400000000
[    0.000000] MTRR: Disabled
[    0.000000] x86/PAT: MTRRs disabled, skipping PAT initialization too.
[    0.000000] CPU MTRRs all blank - virtualized system.
[    0.000000] x86/PAT: Configuration [0-7]: WB  WT  UC- UC  WB  WT  UC- UC  
[    0.000000] found SMP MP-table at [mem 0x0009fff0-0x0009ffff] mapped at [ffff88000009fff0]
[    0.000000] Scanning 1 areas for low memory corruption
[    0.000000] RAMDISK: [mem 0x1e893000-0x1f719fff]
[    0.000000] ACPI: Early table checksum verification disabled
[    0.000000] ACPI: RSDP 0x00000000000E0000 000024 (v02 VBOX  )
[    0.000000] ACPI: XSDT 0x000000001FFF0030 00003C (v01 VBOX   VBOXXSDT 00000001 ASL  00000061)
[    0.000000] ACPI: FACP 0x000000001FFF00F0 0000F4 (v04 VBOX   VBOXFACP 00000001 ASL  00000061)
[    0.000000] ACPI: DSDT 0x000000001FFF0470 002325 (v02 VBOX   VBOXBIOS 00000002 INTL 20100528)
[    0.000000] ACPI: FACS 0x000000001FFF0200 000040
[    0.000000] ACPI: FACS 0x000000001FFF0200 000040
[    0.000000] ACPI: APIC 0x000000001FFF0240 00005C (v02 VBOX   VBOXAPIC 00000001 ASL  00000061)
[    0.000000] ACPI: SSDT 0x000000001FFF02A0 0001CC (v01 VBOX   VBOXCPUT 00000002 INTL 20100528)
[    0.000000] No NUMA configuration found
[    0.000000] Faking a node at [mem 0x0000000000000000-0x000000001ffeffff]
[    0.000000] NODE_DATA(0) allocated [mem 0x1ffeb000-0x1ffeffff]
[    0.000000] kvm-clock: Using msrs 4b564d01 and 4b564d00
[    0.000000] kvm-clock: cpu 0, msr 0:1ffe3001, primary cpu clock
[    0.000000] kvm-clock: using sched offset of 3477035368 cycles
[    0.000000] clocksource: kvm-clock: mask: 0xffffffffffffffff max_cycles: 0x1cd42e4dffb, max_idle_ns: 881590591483 ns
[    0.000000] Zone ranges:
[    0.000000]   DMA      [mem 0x0000000000001000-0x0000000000ffffff]
[    0.000000]   DMA32    [mem 0x0000000001000000-0x000000001ffeffff]
[    0.000000]   Normal   empty
[    0.000000]   Device   empty
[    0.000000] Movable zone start for each node
[    0.000000] Early memory node ranges
[    0.000000]   node   0: [mem 0x0000000000001000-0x000000000009efff]
[    0.000000]   node   0: [mem 0x0000000000100000-0x000000001ffeffff]
[    0.000000] Initmem setup node 0 [mem 0x0000000000001000-0x000000001ffeffff]
[    0.000000] ACPI: PM-Timer IO Port: 0x4008
[    0.000000] IOAPIC[0]: apic_id 2, version 32, address 0xfec00000, GSI 0-23
[    0.000000] ACPI: INT_SRC_OVR (bus 0 bus_irq 0 global_irq 2 dfl dfl)
[    0.000000] ACPI: INT_SRC_OVR (bus 0 bus_irq 9 global_irq 9 low level)
[    0.000000] Using ACPI (MADT) for SMP configuration information
[    0.000000] smpboot: Allowing 2 CPUs, 0 hotplug CPUs
[    0.000000] PM: Registered nosave memory: [mem 0x00000000-0x00000fff]
[    0.000000] PM: Registered nosave memory: [mem 0x0009f000-0x0009ffff]
[    0.000000] PM: Registered nosave memory: [mem 0x000a0000-0x000effff]
[    0.000000] PM: Registered nosave memory: [mem 0x000f0000-0x000fffff]
[    0.000000] e820: [mem 0x20000000-0xfebfffff] available for PCI devices
[    0.000000] Booting paravirtualized kernel on KVM
[    0.000000] clocksource: refined-jiffies: mask: 0xffffffff max_cycles: 0xffffffff, max_idle_ns: 7645519600211568 ns
[    0.000000] setup_percpu: NR_CPUS:512 nr_cpumask_bits:512 nr_cpu_ids:2 nr_node_ids:1
[    0.000000] PERCPU: Embedded 33 pages/cpu @ffff88001fc00000 s95512 r8192 d31464 u1048576
[    0.000000] Built 1 zonelists in Node order, mobility grouping on.  Total pages: 128888
[    0.000000] Policy zone: DMA32
[    0.000000] Kernel command line: BOOT_IMAGE=/boot/vmlinuz-4.4.0-187-generic root=LABEL=cloudimg-rootfs ro console=tty1 console=ttyS0
[    0.000000] PID hash table entries: 2048 (order: 2, 16384 bytes)
[    0.000000] Memory: 481588K/523832K available (8636K kernel code, 1337K rwdata, 4040K rodata, 1492K init, 1296K bss, 42244K reserved, 0K cma-reserved)
[    0.000000] SLUB: HWalign=64, Order=0-3, MinObjects=0, CPUs=2, Nodes=1
[    0.000000] Kernel/User page tables isolation: enabled
[    0.000000] Hierarchical RCU implementation.
[    0.000000] 	Build-time adjustment of leaf fanout to 64.
[    0.000000] 	RCU restricting CPUs from NR_CPUS=512 to nr_cpu_ids=2.
[    0.000000] RCU: Adjusting geometry for rcu_fanout_leaf=64, nr_cpu_ids=2
[    0.000000] NR_IRQS:33024 nr_irqs:440 16
[    0.000000] Console: colour VGA+ 80x25
[    0.000000] console [tty1] enabled
[    0.000000] console [ttyS0] enabled
[    0.000000] tsc: Detected 2711.994 MHz processor
[    0.177993] Calibrating delay loop (skipped) preset value.. 5423.98 BogoMIPS (lpj=10847976)
[    0.180239] pid_max: default: 32768 minimum: 301
[    0.181374] ACPI: Core revision 20150930
[    0.184180] ACPI: 2 ACPI AML tables successfully acquired and loaded
[    0.185914] Security Framework initialized
[    0.186940] Yama: becoming mindful.
[    0.187866] AppArmor: AppArmor initialized
[    0.188886] Dentry cache hash table entries: 65536 (order: 7, 524288 bytes)
[    0.190435] Inode-cache hash table entries: 32768 (order: 6, 262144 bytes)
[    0.191879] Mount-cache hash table entries: 1024 (order: 1, 8192 bytes)
[    0.193289] Mountpoint-cache hash table entries: 1024 (order: 1, 8192 bytes)
[    0.195405] Initializing cgroup subsys io
[    0.196730] Initializing cgroup subsys memory
[    0.198467] Initializing cgroup subsys devices
[    0.199644] Initializing cgroup subsys freezer
[    0.200976] Initializing cgroup subsys net_cls
[    0.202032] Initializing cgroup subsys perf_event
[    0.203103] Initializing cgroup subsys net_prio
[    0.204174] Initializing cgroup subsys hugetlb
[    0.205208] Initializing cgroup subsys pids
[    0.207409] mce: CPU supports 0 MCE banks
[    0.208412] Last level iTLB entries: 4KB 64, 2MB 8, 4MB 8
[    0.209645] Last level dTLB entries: 4KB 64, 2MB 0, 4MB 0, 1GB 4
[    0.210939] Spectre V1 : Mitigation: usercopy/swapgs barriers and __user pointer sanitization
[    0.212942] Spectre V2 : Mitigation: Full generic retpoline
[    0.214153] Spectre V2 : Spectre v2 / SpectreRSB mitigation: Filling RSB on context switch
[    0.216056] Speculative Store Bypass: Vulnerable
[    0.217292] SRBDS: Unknown: Dependent on hypervisor status
[    0.218676] MDS: Mitigation: Clear CPU buffers
[    0.222808] Freeing SMP alternatives memory: 36K
[    0.230379] ftrace: allocating 32337 entries in 127 pages
[    0.298531] smpboot: APIC(0) Converting physical 0 to logical package 0
[    0.300133] smpboot: Max logical packages: 1
[    0.302041] x2apic enabled
[    0.303237] Switched APIC routing to physical x2apic.
[    0.306043] ..TIMER: vector=0x30 apic1=0 pin1=2 apic2=-1 pin2=-1
[    0.424470] smpboot: CPU0: Intel(R) Core(TM) i5-7300U CPU @ 2.60GHz (family: 0x6, model: 0x8e, stepping: 0x9)
[    0.427408] Performance Events: unsupported p6 CPU model 142 no PMU driver, software events only.
[    0.441898] KVM setup paravirtual spinlock
[    0.443637] x86: Booting SMP configuration:
[    0.444810] .... node  #0, CPUs:      #1
[    0.446452] kvm-clock: cpu 1, msr 0:1ffe3041, secondary cpu clock
[    0.448506] mce: CPU supports 0 MCE banks
[    0.451251] x86: Booted up 1 node, 2 CPUs
[    0.452638] smpboot: Total of 2 processors activated (10847.97 BogoMIPS)
[    0.457523] devtmpfs: initialized
[    0.459774] evm: security.selinux
[    0.460737] evm: security.SMACK64
[    0.462022] evm: security.SMACK64EXEC
[    0.463153] evm: security.SMACK64TRANSMUTE
[    0.464302] evm: security.SMACK64MMAP
[    0.465339] evm: security.ima
[    0.466393] evm: security.capability
[    0.467990] clocksource: jiffies: mask: 0xffffffff max_cycles: 0xffffffff, max_idle_ns: 7645041785100000 ns
[    0.470645] futex hash table entries: 512 (order: 3, 32768 bytes)
[    0.472347] pinctrl core: initialized pinctrl subsystem
[    0.473699] RTC time:  6:53:40, date: 09/16/20
[    0.475002] NET: Registered protocol family 16
[    0.489356] cpuidle: using governor ladder
[    0.501747] cpuidle: using governor menu
[    0.502812] PCCT header not found.
[    0.503895] ACPI: bus type PCI registered
[    0.504999] acpiphp: ACPI Hot Plug PCI Controller Driver version: 0.5
[    0.506714] PCI: Using configuration type 1 for base access
[    0.523737] ACPI: Added _OSI(Module Device)
[    0.524898] ACPI: Added _OSI(Processor Device)
[    0.526019] ACPI: Added _OSI(3.0 _SCP Extensions)
[    0.527304] ACPI: Added _OSI(Processor Aggregator Device)
[    0.529437] ACPI: Executed 1 blocks of module-level executable AML code
[    0.533426] ACPI: Interpreter enabled
[    0.534703] ACPI: (supports S0 S5)
[    0.535645] ACPI: Using IOAPIC for interrupt routing
[    0.537311] PCI: Using host bridge windows from ACPI; if necessary, use "pci=nocrs" and report a bug
[    0.543627] ACPI: PCI Root Bridge [PCI0] (domain 0000 [bus 00-ff])
[    0.545074] acpi PNP0A03:00: _OSC: OS supports [ASPM ClockPM Segments MSI]
[    0.546943] acpi PNP0A03:00: _OSC: not requesting OS control; OS requires [ExtendedConfig ASPM ClockPM MSI]
[    0.549295] acpi PNP0A03:00: fail to add MMCONFIG information, can't access extended PCI configuration space under this bridge.
[    0.552934] PCI host bridge to bus 0000:00
[    0.554160] pci_bus 0000:00: root bus resource [io  0x0000-0x0cf7 window]
[    0.555686] pci_bus 0000:00: root bus resource [io  0x0d00-0xffff window]
[    0.557255] pci_bus 0000:00: root bus resource [mem 0x000a0000-0x000bffff window]
[    0.559115] pci_bus 0000:00: root bus resource [mem 0x20000000-0xfdffffff window]
[    0.561078] pci_bus 0000:00: root bus resource [bus 00-ff]
[    0.564579] pci 0000:00:01.1: legacy IDE quirk: reg 0x10: [io  0x01f0-0x01f7]
[    0.566237] pci 0000:00:01.1: legacy IDE quirk: reg 0x14: [io  0x03f6]
[    0.568145] pci 0000:00:01.1: legacy IDE quirk: reg 0x18: [io  0x0170-0x0177]
[    0.582721] pci 0000:00:01.1: legacy IDE quirk: reg 0x1c: [io  0x0376]
[    0.596946] pci 0000:00:07.0: quirk: [io  0x4000-0x403f] claimed by PIIX4 ACPI
[    0.598910] pci 0000:00:07.0: quirk: [io  0x4100-0x410f] claimed by PIIX4 SMB
[    0.605434] ACPI: PCI Interrupt Link [LNKA] (IRQs 5 9 10 *11)
[    0.607732] ACPI: PCI Interrupt Link [LNKB] (IRQs 5 9 *10 11)
[    0.609837] ACPI: PCI Interrupt Link [LNKC] (IRQs 5 *9 10 11)
[    0.611992] ACPI: PCI Interrupt Link [LNKD] (IRQs 5 9 10 *11)
[    0.614013] ACPI: Enabled 2 GPEs in block 00 to 07
[    0.615927] vgaarb: setting as boot device: PCI:0000:00:02.0
[    0.617587] vgaarb: device added: PCI:0000:00:02.0,decodes=io+mem,owns=io+mem,locks=none
[    0.619750] vgaarb: loaded
[    0.620595] vgaarb: bridge control possible 0000:00:02.0
[    0.622128] SCSI subsystem initialized
[    0.623333] ACPI: bus type USB registered
[    0.624379] usbcore: registered new interface driver usbfs
[    0.625745] usbcore: registered new interface driver hub
[    0.627038] usbcore: registered new device driver usb
[    0.628752] PCI: Using ACPI for IRQ routing
[    0.630159] NetLabel: Initializing
[    0.631145] NetLabel:  domain hash size = 128
[    0.632279] NetLabel:  protocols = UNLABELED CIPSOv4
[    0.633656] NetLabel:  unlabeled traffic allowed by default
[    0.635651] amd_nb: Cannot enumerate AMD northbridges
[    0.636989] clocksource: Switched to clocksource kvm-clock
[    0.647915] AppArmor: AppArmor Filesystem Enabled
[    0.649251] pnp: PnP ACPI init
[    0.651118] pnp: PnP ACPI: found 3 devices
[    0.663933] clocksource: acpi_pm: mask: 0xffffff max_cycles: 0xffffff, max_idle_ns: 2085701024 ns
[    0.666429] NET: Registered protocol family 2
[    0.668037] TCP established hash table entries: 4096 (order: 3, 32768 bytes)
[    0.669844] TCP bind hash table entries: 4096 (order: 4, 65536 bytes)
[    0.671382] TCP: Hash tables configured (established 4096 bind 4096)
[    0.672866] UDP hash table entries: 256 (order: 1, 8192 bytes)
[    0.674272] UDP-Lite hash table entries: 256 (order: 1, 8192 bytes)
[    0.676009] NET: Registered protocol family 1
[    0.677147] pci 0000:00:00.0: Limiting direct PCI/PCI transfers
[    0.678606] pci 0000:00:01.0: Activating ISA DMA hang workarounds
[    0.683015] Unpacking initramfs...
[    0.918974] Freeing initrd memory: 14876K
[    0.920140] clocksource: tsc: mask: 0xffffffffffffffff max_cycles: 0x27178096781, max_idle_ns: 440795249729 ns
[    0.922585] platform rtc_cmos: registered platform RTC device (no PNP device found)
[    0.924581] Scanning for low memory corruption every 60 seconds
[    0.926517] audit: initializing netlink subsys (disabled)
[    0.928043] audit: type=2000 audit(1600239226.071:1): initialized
[    0.929842] Initialise system trusted keyring
[    0.931022] HugeTLB registered 2 MB page size, pre-allocated 0 pages
[    0.933710] zbud: loaded
[    0.935145] VFS: Disk quotas dquot_6.6.0
[    0.936267] VFS: Dquot-cache hash table entries: 512 (order 0, 4096 bytes)
[    0.938209] squashfs: version 4.0 (2009/01/31) Phillip Lougher
[    0.939942] fuse init (API version 7.23)
[    0.941328] Key type big_key registered
[    0.942662] Allocating IMA MOK and blacklist keyrings.
[    0.945962] Key type asymmetric registered
[    0.947461] Asymmetric key parser 'x509' registered
[    0.948704] Block layer SCSI generic (bsg) driver version 0.4 loaded (major 249)
[    0.950972] io scheduler noop registered
[    0.951993] io scheduler deadline registered (default)
[    0.953185] io scheduler cfq registered
[    0.954235] pci_hotplug: PCI Hot Plug PCI Core version: 0.5
[    0.955467] pciehp: PCI Express Hot Plug Controller Driver version: 0.4
[    0.956891] ACPI: AC Adapter [AC] (on-line)
[    0.957951] input: Power Button as /devices/LNXSYSTM:00/LNXPWRBN:00/input/input0
[    0.959711] ACPI: Power Button [PWRF]
[    0.960673] input: Sleep Button as /devices/LNXSYSTM:00/LNXSLPBN:00/input/input1
[    0.962556] ACPI: Sleep Button [SLPF]
[    0.963883] GHES: HEST is not enabled!
[    0.964590] ACPI: Battery Slot [BAT0] (battery present)
[    0.967041] Serial: 8250/16550 driver, 32 ports, IRQ sharing enabled
[    0.989566] 00:02: ttyS0 at I/O 0x3f8 (irq = 4, base_baud = 115200) is a 16550A
[    0.994506] Linux agpgart interface v0.103
[    0.997846] loop: module loaded
[    0.999384] scsi host0: ata_piix
[    1.000466] scsi host1: ata_piix
[    1.001739] ata1: PATA max UDMA/33 cmd 0x1f0 ctl 0x3f6 bmdma 0xd000 irq 14
[    1.003177] ata2: PATA max UDMA/33 cmd 0x170 ctl 0x376 bmdma 0xd008 irq 15
[    1.004881] libphy: Fixed MDIO Bus: probed
[    1.006167] tun: Universal TUN/TAP device driver, 1.6
[    1.007480] tun: (C) 1999-2004 Max Krasnyansky <maxk@qualcomm.com>
[    1.009058] PPP generic driver version 2.4.2
[    1.010348] ehci_hcd: USB 2.0 'Enhanced' Host Controller (EHCI) Driver
[    1.011870] ehci-pci: EHCI PCI platform driver
[    1.013061] ehci-platform: EHCI generic platform driver
[    1.014354] ohci_hcd: USB 1.1 'Open' Host Controller (OHCI) Driver
[    1.015738] ohci-pci: OHCI PCI platform driver
[    1.017640] ohci-platform: OHCI generic platform driver
[    1.018997] uhci_hcd: USB Universal Host Controller Interface driver
[    1.020433] i8042: PNP: PS/2 Controller [PNP0303:PS2K,PNP0f03:PS2M] at 0x60,0x64 irq 1,12
[    1.023218] serio: i8042 KBD port at 0x60,0x64 irq 1
[    1.029608] serio: i8042 AUX port at 0x60,0x64 irq 12
[    1.031114] mousedev: PS/2 mouse device common for all mice
[    1.033057] input: AT Translated Set 2 keyboard as /devices/platform/i8042/serio0/input/input2
[    1.036225] rtc_cmos rtc_cmos: rtc core: registered rtc_cmos as rtc0
[    1.037760] rtc_cmos rtc_cmos: alarms up to one day, 114 bytes nvram
[    1.039110] i2c /dev entries driver
[    1.040035] device-mapper: uevent: version 1.0.3
[    1.041255] device-mapper: ioctl: 4.34.0-ioctl (2015-10-28) initialised: dm-devel@redhat.com
[    1.043003] ledtrig-cpu: registered to indicate activity on CPUs
[    1.044863] NET: Registered protocol family 10
[    1.046227] NET: Registered protocol family 17
[    1.047457] Key type dns_resolver registered
[    1.048749] registered taskstats version 1
[    1.049789] Loading compiled-in X.509 certificates
[    1.051658] Loaded X.509 cert 'Build time autogenerated kernel key: f06b7227f29f55afa9b8968d1b82289d30ebc7c3'
[    1.054058] zswap: loaded using pool lzo/zbud
[    1.057043] Key type trusted registered
[    1.061468] Key type encrypted registered
[    1.062580] AppArmor: AppArmor sha1 policy hashing enabled
[    1.063794] ima: No TPM chip found, activating TPM-bypass!
[    1.065032] ima: Allocated hash algorithm: sha1
[    1.066187] evm: HMAC attrs: 0x1
[    1.067596]   Magic number: 4:195:873
[    1.068627] rtc_cmos rtc_cmos: setting system clock to 2020-09-16 06:53:41 UTC (1600239221)
[    1.070757] BIOS EDD facility v0.16 2004-Jun-25, 0 devices found
[    1.072038] EDD information not available.
[    1.188626] Freeing unused kernel memory: 1492K
[    1.190010] Write protecting the kernel read-only data: 14336k
[    1.192279] Freeing unused kernel memory: 1592K
[    1.194237] Freeing unused kernel memory: 56K
Loading, please wait...
starting version 229
[    1.216914] random: systemd-udevd: uninitialized urandom read (16 bytes read, 3 bits of entropy available)
[    1.218097] random: udevadm: uninitialized urandom read (16 bytes read, 3 bits of entropy available)
[    1.218128] random: udevadm: uninitialized urandom read (16 bytes read, 3 bits of entropy available)
[    1.226294] random: systemd-udevd: uninitialized urandom read (16 bytes read, 3 bits of entropy available)
[    1.229404] random: systemd-udevd: uninitialized urandom read (16 bytes read, 3 bits of entropy available)
[    1.230435] random: udevadm: uninitialized urandom read (16 bytes read, 3 bits of entropy available)
[    1.230475] random: udevadm: uninitialized urandom read (16 bytes read, 3 bits of entropy available)
[    1.230614] random: udevadm: uninitialized urandom read (16 bytes read, 3 bits of entropy available)
[    1.230662] random: udevadm: uninitialized urandom read (16 bytes read, 3 bits of entropy available)
[    1.230712] random: udevadm: uninitialized urandom read (16 bytes read, 3 bits of entropy available)
[    1.288150] e1000: Intel(R) PRO/1000 Network Driver - version 7.3.21-k8-NAPI
[    1.290607] e1000: Copyright (c) 1999-2006 Intel Corporation.
[    1.294117] Fusion MPT base driver 3.04.20
[    1.295499] Copyright (c) 1999-2008 LSI Corporation
[    1.307617] AVX2 version of gcm_enc/dec engaged.
[    1.309035] AES CTR mode by8 optimization enabled
[    1.330979] Fusion MPT SPI Host driver 3.04.20
[    1.526948] input: ImExPS/2 Generic Explorer Mouse as /devices/platform/i8042/serio1/input/input4
[    2.271707] e1000 0000:00:03.0 eth0: (PCI:33MHz:32-bit) 02:e1:21:9c:b1:d3
[    2.273897] e1000 0000:00:03.0 eth0: Intel(R) PRO/1000 Network Connection
[    2.277166] mptbase: ioc0: Initiating bringup
[    2.278201] e1000 0000:00:03.0 enp0s3: renamed from eth0
[    2.345968] ioc0: LSI53C1030 A0: Capabilities={Initiator}
[    2.511845] scsi host2: ioc0: LSI53C1030 A0, FwRev=00000000h, Ports=1, MaxQ=256, IRQ=20
[    2.626017] scsi 2:0:0:0: Direct-Access     VBOX     HARDDISK         1.0  PQ: 0 ANSI: 5
[    2.628038] scsi target2:0:0: Beginning Domain Validation
[    2.631554] scsi target2:0:0: Domain Validation skipping write tests
[    2.632942] scsi target2:0:0: Ending Domain Validation
[    2.634551] scsi target2:0:0: asynchronous
[    2.636559] scsi 2:0:1:0: Direct-Access     VBOX     HARDDISK         1.0  PQ: 0 ANSI: 5
[    2.638639] scsi target2:0:1: Beginning Domain Validation
[    2.642083] scsi target2:0:1: Domain Validation skipping write tests
[    2.643720] scsi target2:0:1: Ending Domain Validation
[    2.658303] scsi target2:0:1: asynchronous
[    2.695672] sd 2:0:0:0: Attached scsi generic sg0 type 0
[    2.697415] sd 2:0:1:0: Attached scsi generic sg1 type 0
[    2.697660] sd 2:0:0:0: [sda] 20971520 512-byte logical blocks: (10.7 GB/10.0 GiB)
[    2.700796] sd 2:0:1:0: [sdb] 20480 512-byte logical blocks: (10.5 MB/10.0 MiB)
[    2.701402] sd 2:0:0:0: [sda] Write Protect is off
[    2.701590] sd 2:0:0:0: [sda] Incomplete mode parameter data
[    2.701593] sd 2:0:0:0: [sda] Assuming drive cache: write through
[    2.702734]  sda: sda1
[    2.703381] sd 2:0:0:0: [sda] Attached SCSI disk
[    2.710308] sd 2:0:1:0: [sdb] Write Protect is off
[    2.711894] sd 2:0:1:0: [sdb] Incomplete mode parameter data
[    2.713205] sd 2:0:1:0: [sdb] Assuming drive cache: write through
[    2.718604] sd 2:0:1:0: [sdb] Attached SCSI disk
Begin: Loading essential drivers ... [    4.194530] md: linear personality registered for level -1
[    4.200152] md: multipath personality registered for level -4
[    4.205115] md: raid0 personality registered for level 0
[    4.210491] md: raid1 personality registered for level 1
[    4.281066] raid6: sse2x1   gen()  9948 MB/s
[    4.349225] raid6: sse2x1   xor()  6413 MB/s
[    4.417584] raid6: sse2x2   gen() 14000 MB/s
[    4.485058] raid6: sse2x2   xor()  9639 MB/s
[    4.553647] raid6: sse2x4   gen() 13466 MB/s
[    4.621186] raid6: sse2x4   xor()  8189 MB/s
[    4.689849] raid6: avx2x1   gen() 18367 MB/s
[    4.757195] raid6: avx2x2   gen() 21739 MB/s
[    4.825489] raid6: avx2x4   gen() 27183 MB/s
[    4.826637] raid6: using algorithm avx2x4 gen() 27183 MB/s
[    4.827902] raid6: using avx2x2 recovery algorithm
[    4.830384] xor: automatically using best checksumming function:
[    4.869027]    avx       : 24233.000 MB/sec
[    4.871463] async_tx: api initialized (async)
[    4.881928] md: raid6 personality registered for level 6
[    4.883455] md: raid5 personality registered for level 5
[    4.884846] md: raid4 personality registered for level 4
[    4.893180] md: raid10 personality registered for level 10
done.
Begin: Running /scripts/init-premount ... done.
Begin: Mounting root file system ... Begin: Running /scripts/local-top ... done.
Begin: Running /scripts/local-premount ... [    4.928313] Btrfs loaded
Scanning for Btrfs filesystems
done.
Warning: fsck not present, so skipping root file system
[    4.965923] EXT4-fs (sda1): mounted filesystem with ordered data mode. Opts: (null)
done.
Begin: Running /scripts/local-bottom ... done.
Begin: Running /scripts/init-bottom ... done.
[    5.064283] systemd[1]: systemd 229 running in system mode. (+PAM +AUDIT +SELINUX +IMA +APPARMOR +SMACK +SYSVINIT +UTMP +LIBCRYPTSETUP +GCRYPT +GNUTLS +ACL +XZ -LZ4 +SECCOMP +BLKID +ELFUTILS +KMOD -IDN)
[    5.068380] systemd[1]: Detected virtualization oracle.
[    5.069673] systemd[1]: Detected architecture x86-64.

Welcome to [1mUbuntu 16.04.7 LTS[0m!

[    5.082265] systemd[1]: Set hostname to <ubuntu>.
[    5.085882] systemd[1]: Initializing machine ID from random generator.
[    5.087506] systemd[1]: Installed transient /etc/machine-id file.
[    5.233321] systemd[1]: Reached target Swap.
[[0;32m  OK  [0m] Reached target Swap.
[    5.241801] systemd[1]: Listening on LVM2 poll daemon socket.
[[0;32m  OK  [0m] Listening on LVM2 poll daemon socket.
[    5.244364] systemd[1]: Listening on Journal Socket.
[[0;32m  OK  [0m] Listening on Journal Socket.
[    5.246676] systemd[1]: Listening on Syslog Socket.
[[0;32m  OK  [0m] Listening on Syslog Socket.
[    5.249173] systemd[1]: Created slice User and Session Slice.
[[0;32m  OK  [0m] Created slice User and Session Slice.
[    5.251719] systemd[1]: Listening on Journal Socket (/dev/log).
[[0;32m  OK  [0m] Listening on Journal Socket (/dev/log).
[    5.253975] systemd[1]: Listening on udev Kernel Socket.
[[0;32m  OK  [0m] Listening on udev Kernel Socket.
[    5.261240] systemd[1]: Reached target Encrypted Volumes.
[[0;32m  OK  [0m] Reached target Encrypted Volumes.
[    5.270126] systemd[1]: Started Forward Password Requests to Wall Directory Watch.
[[0;32m  OK  [0m] Started Forward Password Requests to Wall Directory Watch.
[    5.273760] systemd[1]: Created slice System Slice.
[[0;32m  OK  [0m] Created slice System Slice.
[    5.275830] systemd[1]: Created slice system-serial\x2dgetty.slice.
[[0;32m  OK  [0m] Created slice system-serial\x2dgetty.slice.
[    5.289524] systemd[1]: Mounting Debug File System...
         Mounting Debug File System...
[    5.292563] systemd[1]: Starting Set console keymap...
         Starting Set console keymap...
[    5.302248] systemd[1]: Mounting Huge Pages File System...
         Mounting Huge Pages File System...
[    5.310046] systemd[1]: Starting Create list of required static device nodes for the current kernel...
         Starting Create list of required st... nodes for the current kernel...
[    5.314871] systemd[1]: Starting Nameserver information manager...
         Starting Nameserver information manager...
[    5.318871] systemd[1]: Starting Remount Root and Kernel File Systems...
[    5.323380] EXT4-fs (sda1): re-mounted. Opts: (null)
         Starting Remount Root and Kernel File Systems...
[    5.326374] systemd[1]: Starting Uncomplicated firewall...
         Starting Uncomplicated firewall...
[    5.329275] systemd[1]: Reached target User and Group Name Lookups.
[[0;32m  OK  [0m] Reached target User and Group Name Lookups.
[    5.335939] systemd[1]: Set up automount Arbitrary Executable File Formats File System Automount Point.
[[0;32m  OK  [0m] Set up automount Arbitrary Executab...ats File System Automount Point.
[    5.345245] systemd[1]: Listening on Journal Audit Socket.
[[0;32m  OK  [0m] Listening on Journal Audit Socket.
[    5.369776] systemd[1]: Starting Journal Service...
         Starting Journal Service...
[    5.374300] systemd[1]: Mounting POSIX Message Queue File System...
         Mounting POSIX Message Queue File System...
[    5.377755] systemd[1]: Listening on udev Control Socket.
[[0;32m  OK  [0m] Listening on udev Control Socket.
[    5.384006] systemd[1]: Listening on LVM2 metadata daemon socket.
[[0;32m  OK  [0m] Listening on LVM2 metadata daemon socket.
[    5.388815] systemd[1]: Listening on Device-mapper event daemon FIFOs.
[[0;32m  OK  [0m] Listening on Device-mapper event daemon FIFOs.
[    5.393458] systemd[1]: Starting Monitoring of LVM2 mirrors, snapshots etc. using dmeventd or progress polling...
         Starting Monitoring of LVM2 mirrors... dmeventd or progress polling...
[    5.397976] systemd[1]: Started Trigger resolvconf update for networkd DNS.
[[0;32m  OK  [0m] Started Trigger resolvconf update for networkd DNS.
[    5.402223] systemd[1]: Listening on /dev/initctl Compatibility Named Pipe.
[[0;32m  OK  [0m] Listening on /dev/initctl Compatibility Named Pipe.
[    5.406084] systemd[1]: Reached target System Time Synchronized.
[[0;32m  OK  [0m] Reached target System Time Synchronized.
[    5.409040] systemd[1]: Reached target Slices.
[[0;32m  OK  [0m] Reached target Slices.
[    5.428153] systemd[1]: Starting Load Kernel Modules...
         Starting Load Kernel Modules...
[    5.432718] systemd[1]: Mounted Debug File System.
[[0;32m  OK  [0m] Mounted Debug File System.
[    5.436047] systemd[1]: Mounted POSIX Message Queue File System.
[[0;32m  OK  [0m] Mounted POSIX Message Queue File System.
[    5.438765] systemd[1]: Mounted Huge Pages File System.
[[0;32m  OK  [0m] Mounted Huge Pages File System.
[    5.441592] Loading iSCSI transport class v2.0-870.
[    5.441777] systemd[1]: Started Journal Service.
[[0;32m  OK  [0m] Started Journal Service.
[[0;32m  OK  [0m] Started Set console keymap.
[[0;32m  OK  [0m] Started Create list of required sta...ce nodes for the current kernel.
[    5.455351] iscsi: registered transport (tcp)
[[0;32m  OK  [0m] Started Remount Root and Kernel File Systems.
[[0;32m  OK  [0m] Started Uncomplicated firewall.
[[0;32m  OK  [0m] Started Nameserver information manager.
[[0;32m  OK  [0m] Started LVM2 metadata daemon.
         Starting Load/Save Random Seed...
         Starting udev Coldplug all Devices...
         Starting Create Static Device Nodes in /dev...
         Starting Flush Journal to Persistent Storage...
[[0;32m  OK  [0m] Started Load/Save Random Seed.
[    5.498530] systemd-journald[388]: Received request to flush runtime journal from PID 1
[[0;32m  OK  [0m] Started Flush Journal to Persistent Storage.
[[0;32m  OK  [0m] Started Create Static Device Nodes in /dev.
[    5.524617] iscsi: registered transport (iser)
[[0;32m  OK  [0m] Started Load Kernel Modules.
         Mounting FUSE Control File System...
         Starting Apply Kernel Variables...
         Starting udev Kernel Device Manager...
[[0;32m  OK  [0m] Mounted FUSE Control File System.
[[0;32m  OK  [0m] Started Apply Kernel Variables.
[[0;32m  OK  [0m] Started udev Coldplug all Devices.
[[0;32m  OK  [0m] Started udev Kernel Device Manager.
[[0;32m  OK  [0m] Started Dispatch Password Requests to Console Directory Watch.
[[0;32m  OK  [0m] Found device /dev/ttyS0.
[[0;32m  OK  [0m] Listening on Load/Save RF Kill Switch Status /dev/rfkill Watch.
[[0;32m  OK  [0m] Started Monitoring of LVM2 mirrors,...ng dmeventd or progress polling.
[[0;32m  OK  [0m] Reached target Local File Systems (Pre).
[[0;32m  OK  [0m] Reached target Local File Systems.
         Starting Commit a transient machine-id on disk...
         Starting Create Volatile Files and Directories...
         Starting Set console font and keymap...
         Starting LSB: AppArmor initialization...
         Starting Tell Plymouth To Write Out Runtime Data...
         Starting Initial cloud-init job (pre-networking)...
[[0;32m  OK  [0m] Started Commit a transient machine-id on disk.
[[0;32m  OK  [0m] Started Create Volatile Files and Directories.
[[0;32m  OK  [0m] Started Tell Plymouth To Write Out Runtime Data.
         Starting Update UTMP about System Boot/Shutdown...
[[0;32m  OK  [0m] Started Update UTMP about System Boot/Shutdown.
[[0;32m  OK  [0m] Started Set console font and keymap.
[[0;32m  OK  [0m] Created slice system-getty.slice.
[    8.342426] cloud-init[634]: Cloud-init v. 20.2-45-g5f7825e2-0ubuntu1~16.04.1 running 'init-local' at Wed, 16 Sep 2020 06:53:48 +0000. Up 7.69 seconds.
[[0;32m  OK  [0m] Started Initial cloud-init job (pre-networking).
[[0;32m  OK  [0m] Reached target Network (Pre).
[[0;32m  OK  [0m] Started LSB: AppArmor initialization.
         Starting Raise network interfaces...
         Starting Load AppArmor profiles managed internally by snapd...
[[0;32m  OK  [0m] Started Load AppArmor profiles managed internally by snapd.
[[0;32m  OK  [0m] Started Raise network interfaces.
         Starting Initial cloud-init job (metadata service crawler)...
[[0;32m  OK  [0m] Reached target Network.
[   10.003634] cloud-init[952]: Cloud-init v. 20.2-45-g5f7825e2-0ubuntu1~16.04.1 running 'init' at Wed, 16 Sep 2020 06:53:49 +0000. Up 9.32 seconds.
[   10.012467] cloud-init[952]: ci-info: ++++++++++++++++++++++++++++++++++++++Net device info++++++++++++++++++++++++++++++++++++++
[   10.015494] cloud-init[952]: ci-info: +--------+------+----------------------------+---------------+--------+-------------------+
[   10.018586] cloud-init[952]: ci-info: | Device |  Up  |          Address           |      Mask     | Scope  |     Hw-Address    |
[   10.020523] cloud-init[952]: ci-info: +--------+------+----------------------------+---------------+--------+-------------------+
[   10.022295] cloud-init[952]: ci-info: | enp0s3 | True |         10.0.2.15          | 255.255.255.0 | global | 02:e1:21:9c:b1:d3 |
[   10.029036] cloud-init[952]: ci-info: | enp0s3 | True | fe80::e1:21ff:fe9c:b1d3/64 |       .       |  link  | 02:e1:21:9c:b1:d3 |
[   10.036670] cloud-init[952]: ci-info: |   lo   | True |         127.0.0.1          |   255.0.0.0   |  host  |         .         |
[   10.039607] cloud-init[952]: ci-info: |   lo   | True |          ::1/128           |       .       |  host  |         .         |
[   10.041989] cloud-init[952]: ci-info: +--------+------+----------------------------+---------------+--------+-------------------+
[   10.052441] cloud-init[952]: ci-info: +++++++++++++++++++++++++++Route IPv4 info++++++++++++++++++++++++++++
[   10.053929] cloud-init[952]: ci-info: +-------+-------------+----------+---------------+-----------+-------+
[   10.055502] cloud-init[952]: ci-info: | Route | Destination | Gateway  |    Genmask    | Interface | Flags |
[   10.064712] [[0;32m  OK  [0m] Started Initial cloud-init job (metadata service crawler).
[[0;32m  OK  [0m] Reached target Cloud-config availability.
[[0;32m  OK  [0m] Reached target System Initialization.
cloud-init         Starting LXD - unix socket.
[952]: [[0;32m  OK  [0m] Started Message of the Day.
[[0;32m  OK  [0m] Listening on D-Bus System Message Bus Socket.
[[0;32m  OK  [0m] Started Daily apt download activities.
[[0;32m  OK  [0m] Listening on UUID daemon activation socket.
[[0;32m  OK  [0m] Started Daily Cleanup of Temporary Directories.
         Starting Socket activation for snappy daemon.
ci-info: +-------+-------------+----------+---------------+-----------+-------+
[   10.072676] [[0;32m  OK  [0m] Started ACPI Events Check.
[[0;32m  OK  [0m] Reached target Paths.
[[0;32m  OK  [0m] Started Daily apt upgrade and clean activities.
[[0;32m  OK  [0m] Reached target Timers.
[[0;32m  OK  [0m] Listening on ACPID Listen Socket.
[[0;32m  OK  [0m] Reached target Network is Online.
cloud-init[952]: ci-info: |   0   |   0.0.0.0   | 10.0.2.2 |    0.0.0.0    |   enp0s3  |   UG  |
[   10.078698] cloud-init[952]: ci-info: |   1   |   10.0.2.0  | 0.0.0.0  | 255.255.255.0 |   enp0s3  |   U   |
[   10.085147] cloud-init[952]: ci-info: +-------+-------------+----------+---------------+-----------+-------+
[   10.092718]          cloud-initStarting iSCSI initiator daemon (iscsid)...[952]: 
ci-info: +++++++++++++++++++Route IPv6 info+++++++++++++++++++
[   10.096482] cloud-init[952]: ci-info: +-------+-------------+---------+-----------+-------+
[   10.098158] cloud-init[952]: ci-info: | Route | Destination | Gateway | Interface | Flags |
[   10.100554] cloud-init[952]: ci-info: +-------+-------------+---------+-----------+-------+
[   10.104911] [[0;32m  OK  [0m] Listening on LXD - unix socket.
[[0;32m  OK  [0m] Listening on Socket activation for snappy daemon.
[[0;32m  OK  [0m] Reached target Sockets.
[[0;32m  OK  [0m] Reached target Basic System.
cloud-init[952]: ci-info: |   0   |  fe80::/64  |    ::   |   enp0s3  |   U   |
[   10.111061] cloud-init[952]: ci-info: |   3   |   ff00::/8  |    ::   |   enp0s3  |   U   |
[   10.113408] cloud-init[952]: ci-info: +-------+-------------+---------+-----------+-------+
[   10.115349] cloud-init[952]: Generating public/private rsa key pair.
         Starting LSB: MD monitoring daemon...
[   10.117909] cloud-init[[0;32m  OK  [0m] Started FUSE filesystem for LXC.
[[0;32m  OK  [0m] Started D-Bus System Message Bus.
[952]: Your identification has been saved in /etc/ssh/ssh_host_rsa_key.
[   10.124957] cloud-init[952]: Your public key has been saved in /etc/ssh/ssh_host_rsa_key.pub.
[   10.128457] cloud-init[952]: The key fingerprint is:
[   10.130835] cloud-init[952]: SHA256:qg0U5kOVk/ir1HWC6OwLuhJ9HYeiw7UFcnI/jqb+3Nw root@ubuntu-xenial
[   10.136061] cloud-init[952]: The key's randomart image is:
[   10.139011] cloud-init[952]: +---[RSA 2048]----+
[   10.142348] cloud-init[952]: |     ..o         |
[   10.144909] cloud-init[952]: |  o =.+          |
[   10.146461] cloud-init[952]: |   =+= +         |
[   10.147800] cloud-init[952]: |   ++.O + .      |
[   10.158849] cloud-init[952]: | o =+O *So       |
[   10.159697] cloud-init[952]: |. =.O.=.         |
[   10.160581] cloud-init[952]: | ..B...          |
[   10.161955] cloud-init[952]: |...oo* .         |
[   10.163105] cloud-init[952]: |+o..=.+ E        |
[   10.164040] cloud-init[952]: +----[SHA256]-----+
[   10.165246] cloud-init[952]: Generating public/private dsa key pair.
[   10.166891] cloud-init[952]: Your identification has been saved in /etc/ssh/ssh_host_dsa_key.
         Starting Virtualbox guest utils...
         Starting Login Service...
[   10.172537] cloud-init[952]: Your public key has been saved in /etc/ssh/ssh_host_dsa_key.pub.
[   10.177463] cloud-init[952]: The key fingerprint is:
         Starting LSB: Record successful boot for GRUB...
[   10.182539] cloud-init[952]: SHA256:fDsKDvZOIbmW6ciNJpZVwr6i51Ojr+2lmgk3YOE4tUg root@ubuntu-xenial
[   10.187546] cloud-init[952]: The key's randomart image is:
[   10.193708] [[0;32m  OK  [0m] Started Regular background program processing daemon.
cloud-init[952]: +---[DSA 1024]----+
[   10.200848]          Starting Accounts Service...
cloud-init[952]: |                 |         Starting /etc/rc.local Compatibility...
         Starting Pollinate to seed the pseudo random number generator...
[[0;32m  OK  [0m] Started ACPI event daemon.
[[0;32m  OK  [0m] Started Deferred execution scheduler.
         Starting Snap Daemon...
         Starting System Logging Service...
         Starting LXD - container startup/shutdown...
[[0;32m  OK  [0m] Started /etc/rc.local Compatibility.
[[0;32m  OK  [0m] Started iSCSI initiator daemon (iscsid).
         Starting Login to default iSCSI targets...

[   10.251038] cloud-init[952]: |                 |
[   10.266214] cloud-init[952]: | Eo              |
[   10.269352] cloud-init[952]: |+o.+ o .         |
[   10.273835] cloud-init[952]: |=oo = . S .      |
[   10.284982] cloud-init[952]: |.o oo= . . .     |
[   10.287030] cloud-init[952]: |. =oO.+   o      |
[   10.290712] cloud-init[952]: |.B=& B . . .     |
[   10.293119] cloud-init[952]: |+=@*B.+ .        |
[   10.296066] [[0;32m  OK  [0m] Started Login Service.
cloud-init[952]: [[0;32m  OK  [0m] Started Unattended Upgrades Shutdown.
[[0;32m  OK  [0m] Started LSB: MD monitoring daemon.
+----[SHA256]-----+
[   10.316915] cloud-init[[0;32m  OK  [0m] Started System Logging Service.
[952]: Generating public/private ecdsa key pair.
[   10.336555] cloud-init[952]: Your identification has been saved in /etc/ssh/ssh_host_ecdsa_key.
[   10.346809] [[0;32m  OK  [0m] Started Login to default iSCSI targets.
[[0;32m  OK  [0m] Reached target Remote File Systems (Pre).
[[0;32m  OK  [0m] Reached target Remote File Systems.
         Starting LSB: daemon to balance interrupts for SMP systems...
         Starting LSB: Set the CPU Frequency Scaling governor to "ondemand"...
         Starting Permit User Sessions...
         Starting LSB: automatic crash report generation...
[[0;32m  OK  [0m] Started Permit User Sessions.
cloud-init[952]: Your public key has been saved in /etc/ssh/ssh_host_ecdsa_key.pub.
[   10.388713] cloud-init[952]: The key fingerprint is:
[   10.392703] cloud-init[952]: SHA256:OgV6qH4UdkSmdBSOyPxe1VKOJlvxriI2vuqh5NXE/gk root@ubuntu-xenial
         Starting Terminate Plymouth Boot Screen...
         Starting Hold until boot process finishes up...
[[0;32m  OK  [0m] Started LSB: Record successful boot for GRUB.
[   10.409750] [[0;32m  OK  [0m] Started Hold until boot process finishes up.
cloud-init[952]: The key's randomart image is:
[   10.415733] [[0;32m  OK  [0m] Started Serial Getty on ttyS0.
[[0;32m  OK  [0m] Started Getty on tty1.
[[0;32m  OK  [0m] Reached target Login Prompts.
cloud-init         Starting Set console scheme...
[952]: +---[ECDSA 256]---+
[   10.424555] cloud-init[952]: |    .o*.. .      |
[[0;32m  OK  [0m] Started LSB: Set the CPU Frequency Scaling governor to "ondemand".
[   10.429176] [[0;32m  OK  [0m] Started Terminate Plymouth Boot Screen.
cloud-init[952]: | o o *.  B       |
[[0;32m  OK  [0m] Started LSB: daemon to balance interrupts for SMP systems.
[   10.484484] cloud-init[[0;32m  OK  [0m] Started Set console scheme.
[952]: |  + o.+ * +      |
[   10.491434] cloud-init[952]: |   .+o.B o       |
[   10.497136] cloud-init[952]: |   .+=+ S .      |
[   10.500123] cloud-init[952]: |   o=o o .       |
[   10.503693] cloud-init[952]: | .oo=E+ .        |
         Starting Authenticate and Authorize Users to Run Privileged Tasks...
[[0;32m  OK  [0m] Started LSB: automatic crash report generation.
[   10.511230] cloud-init[952]: |oo.+.ooo.        |
[   10.520624] cloud-init[952]: |.o+oo. o         |
[   10.524582] cloud-init[952]: +----[SHA256]-----+
[   10.526052] cloud-init[952]: Generating public/private ed25519 key pair.
[   10.527679] cloud-init[952]: Your identification has been saved in /etc/ssh/ssh_host_ed25519_key.
[   10.530072] cloud-init[952]: Your public key has been saved in /etc/ssh/ssh_host_ed25519_key.pub.
[   10.532373] cloud-init[952]: The key fingerprint is:
[   10.533688] cloud-init[952]: SHA256:z8lqEgHdrgLCdvUd+dt1Zv8GiX5qGYwzMQHGkun6Mnw root@ubuntu-xenial
[   10.535857] cloud-init[952]: The key's randomart image is:
[   10.541106] cloud-init[952]: +--[ED25519 256]--+
[   10.542560] cloud-init[952]: |     . =o..      |
[   10.544838] cloud-init[952]: |    ..=.oo.      |
[   10.550273] cloud-init[952]: |.   .o.o. o.     |
[   10.558331] cloud-init[952]: |.o..  o...o.   .+|
[   10.561088] cloud-init[952]: |.... . oS  =o..+o|
[   10.564527] cloud-init[952]: |    o o  ++o+.o .|
[   10.571682] cloud-init[952]: [[0;32m  OK  [0m] Started Virtualbox guest utils.
|   . o .  =+ o ..|
[   10.579510] cloud-init[952]: |    + E ..  + . o|
[   10.586861] cloud-init[[0;32m  OK  [0m] Started Authenticate and Authorize Users to Run Privileged Tasks.
[[0;32m  OK  [0m] Started LXD - container startup/shutdown.
[[0;32m  OK  [0m] Started Accounts Service.
[952]: |     + o.  ..o . |
[   10.606988] cloud-init[952]: +----[SHA256]-----+
[[0;32m  OK  [0m] Started Snap Daemon.
         Starting Wait until snapd is fully seeded...
[[0;32m  OK  [0m] Started Pollinate to seed the pseudo random number generator.
         Starting OpenBSD Secure Shell server...
[[0;32m  OK  [0m] Started OpenBSD Secure Shell server.
[[0;32m  OK  [0m] Started Wait until snapd is fully seeded.
[[0;32m  OK  [0m] Reached target Multi-User System.
[[0;32m  OK  [0m] Reached target Graphical Interface.
         Starting Update UTMP about System Runlevel Changes...
         Starting Apply the settings specified in cloud-config...
[[0;32m  OK  [0m] Started Update UTMP about System Runlevel Changes.
[[0;32m  OK  [0m] Created slice User Slice of vagrant.
[[0;32m  OK  [0m] Started Session 1 of user vagrant.
         Starting User Manager for UID 1000...
[[0;32m  OK  [0m] Started User Manager for UID 1000.
[   12.769432] cloud-init[1310]: Generating locales (this might take a while)...
[   14.200764] cloud-init[1310]:   en_US.UTF-8... done
[   14.202834] cloud-init[1310]: Generation complete.
[   14.690866] cloud-init[1310]: Cloud-init v. 20.2-45-g5f7825e2-0ubuntu1~16.04.1 running 'modules:config' at Wed, 16 Sep 2020 06:53:53 +0000. Up 12.53 seconds.
[[0;32m  OK  [0m] Started Apply the settings specified in cloud-config.
         Starting Execute cloud user/final scripts...
ci-info: no authorized SSH keys fingerprints found for user ubuntu.
<14>Sep 16 06:53:56 ec2: 
<14>Sep 16 06:53:56 ec2: #############################################################
<14>Sep 16 06:53:56 ec2: -----BEGIN SSH HOST KEY FINGERPRINTS-----
<14>Sep 16 06:53:56 ec2: 1024 SHA256:fDsKDvZOIbmW6ciNJpZVwr6i51Ojr+2lmgk3YOE4tUg root@ubuntu-xenial (DSA)
<14>Sep 16 06:53:56 ec2: 256 SHA256:OgV6qH4UdkSmdBSOyPxe1VKOJlvxriI2vuqh5NXE/gk root@ubuntu-xenial (ECDSA)
<14>Sep 16 06:53:56 ec2: 256 SHA256:z8lqEgHdrgLCdvUd+dt1Zv8GiX5qGYwzMQHGkun6Mnw root@ubuntu-xenial (ED25519)
<14>Sep 16 06:53:56 ec2: 2048 SHA256:qg0U5kOVk/ir1HWC6OwLuhJ9HYeiw7UFcnI/jqb+3Nw root@ubuntu-xenial (RSA)
<14>Sep 16 06:53:56 ec2: -----END SSH HOST KEY FINGERPRINTS-----
<14>Sep 16 06:53:56 ec2: #############################################################
-----BEGIN SSH HOST KEY KEYS-----
ecdsa-sha2-nistp256 AAAAE2VjZHNhLXNoYTItbmlzdHAyNTYAAAAIbmlzdHAyNTYAAABBBASpqTPcDBE020FNA5eY9N03bw9xRdlbQkLOwZ3Lhsv9SyvlRWCmFXj7Cdjm0C0jwnjnfYgFl69qduiHEgD6r3g= root@ubuntu-xenial
ssh-ed25519 AAAAC3NzaC1lZDI1NTE5AAAAIDinxpLKt0EH3fT/TOgajgmkFHS9Uo/uBwGTL+jLFAhU root@ubuntu-xenial
ssh-rsa AAAAB3NzaC1yc2EAAAADAQABAAABAQCzAA/R51qJtoh8sGofGaisWrtVQu0a+ICc+U3OpTXhLLFmq4HT4c9plp2/+neo1uUUn29B4iFEX9Y94cbhaj16uLaJVwspbiHtOPIi8lmezbd041Hm4MXwAvE+fEmf7F9N33mOFPauUimumyxcjUSUEF3SXk5DU5aHHCa3qMhon3LsIkvFOGCcBDKXVtM9pqN5u9AzCQmbpTg7An1Wtqd0KND2iM43XINKpLHLPmrCKk4FgwVenfCd7USBd6fFWgSsH2MAgfioG3ZTLHF2q3yC/p0G0Rqv8tkBi18ur5KWspsZU/lRuNnp39kT3opMRecR7fXTOy3+vsqpl66r8+JZ root@ubuntu-xenial
-----END SSH HOST KEY KEYS-----
[   15.628971] cloud-init[1472]: Cloud-init v. 20.2-45-g5f7825e2-0ubuntu1~16.04.1 running 'modules:final' at Wed, 16 Sep 2020 06:53:56 +0000. Up 15.35 seconds.
[   15.629340] cloud-init[1472]: ci-info: no authorized SSH keys fingerprints found for user ubuntu.
[   15.630397] cloud-init[1472]: Cloud-init v. 20.2-45-g5f7825e2-0ubuntu1~16.04.1 finished at Wed, 16 Sep 2020 06:53:56 +0000. Datasource DataSourceNoCloud [seed=/dev/sdb][dsmode=net].  Up 15.60 seconds

Ubuntu 16.04.7 LTS ubuntu-xenial ttyS0

ubuntu-xenial login: 