[    0.000000] Initializing cgroup subsys cpuset
[    0.000000] Initializing cgroup subsys cpu
[    0.000000] Initializing cgroup subsys cpuacct
[    0.000000] Linux version 4.4.0-187-generic (buildd@lgw01-amd64-035) (gcc version 5.4.0 20160609 (Ubuntu 5.4.0-6ubuntu1~16.04.12) ) #217-Ubuntu SMP Tue Jul 21 04:18:15 UTC 2020 (Ubuntu 4.4.0-187.217-generic 4.4.230)
[    0.000000] Command line: BOOT_IMAGE=/boot/vmlinuz-4.4.0-187-generic root=LABEL=cloudimg-rootfs ro console=tty1 console=ttyS0
[    0.000000] KERNEL supported cpus:
[    0.000000]   Intel GenuineIntel
[    0.000000]   AMD AuthenticAMD
[    0.000000]   Centaur CentaurHauls
[    0.000000] x86/fpu: xstate_offset[2]:  576, xstate_sizes[2]:  256
[    0.000000] x86/fpu: Supporting XSAVE feature 0x01: 'x87 floating point registers'
[    0.000000] x86/fpu: Supporting XSAVE feature 0x02: 'SSE registers'
[    0.000000] x86/fpu: Supporting XSAVE feature 0x04: 'AVX registers'
[    0.000000] x86/fpu: Enabled xstate features 0x7, context size is 832 bytes, using 'standard' format.
[    0.000000] e820: BIOS-provided physical RAM map:
[    0.000000] BIOS-e820: [mem 0x0000000000000000-0x000000000009fbff] usable
[    0.000000] BIOS-e820: [mem 0x000000000009fc00-0x000000000009ffff] reserved
[    0.000000] BIOS-e820: [mem 0x00000000000f0000-0x00000000000fffff] reserved
[    0.000000] BIOS-e820: [mem 0x0000000000100000-0x000000001ffeffff] usable
[    0.000000] BIOS-e820: [mem 0x000000001fff0000-0x000000001fffffff] ACPI data
[    0.000000] BIOS-e820: [mem 0x00000000fec00000-0x00000000fec00fff] reserved
[    0.000000] BIOS-e820: [mem 0x00000000fee00000-0x00000000fee00fff] reserved
[    0.000000] BIOS-e820: [mem 0x00000000fffc0000-0x00000000ffffffff] reserved
[    0.000000] NX (Execute Disable) protection: active
[    0.000000] SMBIOS 2.5 present.
[    0.000000] Hypervisor detected: KVM
[    0.000000] e820: last_pfn = 0x1fff0 max_arch_pfn = 0x400000000
[    0.000000] MTRR: Disabled
[    0.000000] x86/PAT: MTRRs disabled, skipping PAT initialization too.
[    0.000000] CPU MTRRs all blank - virtualized system.
[    0.000000] x86/PAT: Configuration [0-7]: WB  WT  UC- UC  WB  WT  UC- UC  
[    0.000000] found SMP MP-table at [mem 0x0009fff0-0x0009ffff] mapped at [ffff88000009fff0]
[    0.000000] Scanning 1 areas for low memory corruption
[    0.000000] RAMDISK: [mem 0x1e893000-0x1f719fff]
[    0.000000] ACPI: Early table checksum verification disabled
[    0.000000] ACPI: RSDP 0x00000000000E0000 000024 (v02 VBOX  )
[    0.000000] ACPI: XSDT 0x000000001FFF0030 00003C (v01 VBOX   VBOXXSDT 00000001 ASL  00000061)
[    0.000000] ACPI: FACP 0x000000001FFF00F0 0000F4 (v04 VBOX   VBOXFACP 00000001 ASL  00000061)
[    0.000000] ACPI: DSDT 0x000000001FFF0470 002325 (v02 VBOX   VBOXBIOS 00000002 INTL 20100528)
[    0.000000] ACPI: FACS 0x000000001FFF0200 000040
[    0.000000] ACPI: FACS 0x000000001FFF0200 000040
[    0.000000] ACPI: APIC 0x000000001FFF0240 00005C (v02 VBOX   VBOXAPIC 00000001 ASL  00000061)
[    0.000000] ACPI: SSDT 0x000000001FFF02A0 0001CC (v01 VBOX   VBOXCPUT 00000002 INTL 20100528)
[    0.000000] No NUMA configuration found
[    0.000000] Faking a node at [mem 0x0000000000000000-0x000000001ffeffff]
[    0.000000] NODE_DATA(0) allocated [mem 0x1ffeb000-0x1ffeffff]
[    0.000000] kvm-clock: Using msrs 4b564d01 and 4b564d00
[    0.000000] kvm-clock: cpu 0, msr 0:1ffe3001, primary cpu clock
[    0.000000] kvm-clock: using sched offset of 3773375888 cycles
[    0.000000] clocksource: kvm-clock: mask: 0xffffffffffffffff max_cycles: 0x1cd42e4dffb, max_idle_ns: 881590591483 ns
[    0.000000] Zone ranges:
[    0.000000]   DMA      [mem 0x0000000000001000-0x0000000000ffffff]
[    0.000000]   DMA32    [mem 0x0000000001000000-0x000000001ffeffff]
[    0.000000]   Normal   empty
[    0.000000]   Device   empty
[    0.000000] Movable zone start for each node
[    0.000000] Early memory node ranges
[    0.000000]   node   0: [mem 0x0000000000001000-0x000000000009efff]
[    0.000000]   node   0: [mem 0x0000000000100000-0x000000001ffeffff]
[    0.000000] Initmem setup node 0 [mem 0x0000000000001000-0x000000001ffeffff]
[    0.000000] ACPI: PM-Timer IO Port: 0x4008
[    0.000000] IOAPIC[0]: apic_id 2, version 32, address 0xfec00000, GSI 0-23
[    0.000000] ACPI: INT_SRC_OVR (bus 0 bus_irq 0 global_irq 2 dfl dfl)
[    0.000000] ACPI: INT_SRC_OVR (bus 0 bus_irq 9 global_irq 9 low level)
[    0.000000] Using ACPI (MADT) for SMP configuration information
[    0.000000] smpboot: Allowing 2 CPUs, 0 hotplug CPUs
[    0.000000] PM: Registered nosave memory: [mem 0x00000000-0x00000fff]
[    0.000000] PM: Registered nosave memory: [mem 0x0009f000-0x0009ffff]
[    0.000000] PM: Registered nosave memory: [mem 0x000a0000-0x000effff]
[    0.000000] PM: Registered nosave memory: [mem 0x000f0000-0x000fffff]
[    0.000000] e820: [mem 0x20000000-0xfebfffff] available for PCI devices
[    0.000000] Booting paravirtualized kernel on KVM
[    0.000000] clocksource: refined-jiffies: mask: 0xffffffff max_cycles: 0xffffffff, max_idle_ns: 7645519600211568 ns
[    0.000000] setup_percpu: NR_CPUS:512 nr_cpumask_bits:512 nr_cpu_ids:2 nr_node_ids:1
[    0.000000] PERCPU: Embedded 33 pages/cpu @ffff88001fc00000 s95512 r8192 d31464 u1048576
[    0.000000] Built 1 zonelists in Node order, mobility grouping on.  Total pages: 128888
[    0.000000] Policy zone: DMA32
[    0.000000] Kernel command line: BOOT_IMAGE=/boot/vmlinuz-4.4.0-187-generic root=LABEL=cloudimg-rootfs ro console=tty1 console=ttyS0
[    0.000000] PID hash table entries: 2048 (order: 2, 16384 bytes)
[    0.000000] Memory: 481588K/523832K available (8636K kernel code, 1337K rwdata, 4040K rodata, 1492K init, 1296K bss, 42244K reserved, 0K cma-reserved)
[    0.000000] SLUB: HWalign=64, Order=0-3, MinObjects=0, CPUs=2, Nodes=1
[    0.000000] Kernel/User page tables isolation: enabled
[    0.000000] Hierarchical RCU implementation.
[    0.000000] 	Build-time adjustment of leaf fanout to 64.
[    0.000000] 	RCU restricting CPUs from NR_CPUS=512 to nr_cpu_ids=2.
[    0.000000] RCU: Adjusting geometry for rcu_fanout_leaf=64, nr_cpu_ids=2
[    0.000000] NR_IRQS:33024 nr_irqs:440 16
[    0.000000] Console: colour VGA+ 80x25
[    0.000000] console [tty1] enabled
[    0.000000] console [ttyS0] enabled
[    0.000000] tsc: Detected 2711.994 MHz processor
[    0.491803] Calibrating delay loop (skipped) preset value.. 5423.98 BogoMIPS (lpj=10847976)
[    0.494976] pid_max: default: 32768 minimum: 301
[    0.496607] ACPI: Core revision 20150930
[    0.500376] ACPI: 2 ACPI AML tables successfully acquired and loaded
[    0.502634] Security Framework initialized
[    0.504269] Yama: becoming mindful.
[    0.505470] AppArmor: AppArmor initialized
[    0.506994] Dentry cache hash table entries: 65536 (order: 7, 524288 bytes)
[    0.509321] Inode-cache hash table entries: 32768 (order: 6, 262144 bytes)
[    0.511624] Mount-cache hash table entries: 1024 (order: 1, 8192 bytes)
[    0.514241] Mountpoint-cache hash table entries: 1024 (order: 1, 8192 bytes)
[    0.516661] Initializing cgroup subsys io
[    0.518288] Initializing cgroup subsys memory
[    0.520802] Initializing cgroup subsys devices
[    0.525229] Initializing cgroup subsys freezer
[    0.527019] Initializing cgroup subsys net_cls
[    0.528744] Initializing cgroup subsys perf_event
[    0.530432] Initializing cgroup subsys net_prio
[    0.532222] Initializing cgroup subsys hugetlb
[    0.534186] Initializing cgroup subsys pids
[    0.538536] mce: CPU supports 0 MCE banks
[    0.540368] Last level iTLB entries: 4KB 64, 2MB 8, 4MB 8
[    0.542608] Last level dTLB entries: 4KB 64, 2MB 0, 4MB 0, 1GB 4
[    0.545422] Spectre V1 : Mitigation: usercopy/swapgs barriers and __user pointer sanitization
[    0.548572] Spectre V2 : Mitigation: Full generic retpoline
[    0.551259] Spectre V2 : Spectre v2 / SpectreRSB mitigation: Filling RSB on context switch
[    0.555186] Speculative Store Bypass: Vulnerable
[    0.557385] SRBDS: Unknown: Dependent on hypervisor status
[    0.559691] MDS: Mitigation: Clear CPU buffers
[    0.565571] Freeing SMP alternatives memory: 36K
[    0.576635] ftrace: allocating 32337 entries in 127 pages
[    0.659876] smpboot: APIC(0) Converting physical 0 to logical package 0
[    0.661387] smpboot: Max logical packages: 1
[    0.663085] x2apic enabled
[    0.664485] Switched APIC routing to physical x2apic.
[    0.667476] ..TIMER: vector=0x30 apic1=0 pin1=2 apic2=-1 pin2=-1
[    0.778360] smpboot: CPU0: Intel(R) Core(TM) i5-7300U CPU @ 2.60GHz (family: 0x6, model: 0x8e, stepping: 0x9)
[    0.780766] Performance Events: unsupported p6 CPU model 142 no PMU driver, software events only.
[    0.795872] KVM setup paravirtual spinlock
[    0.798254] x86: Booting SMP configuration:
[    0.799505] .... node  #0, CPUs:      #1
[    0.801726] kvm-clock: cpu 1, msr 0:1ffe3041, secondary cpu clock
[    0.805221] mce: CPU supports 0 MCE banks
[    0.814746] x86: Booted up 1 node, 2 CPUs
[    0.816161] smpboot: Total of 2 processors activated (10847.97 BogoMIPS)
[    0.821533] devtmpfs: initialized
[    0.824662] evm: security.selinux
[    0.825637] evm: security.SMACK64
[    0.826592] evm: security.SMACK64EXEC
[    0.827725] evm: security.SMACK64TRANSMUTE
[    0.828782] evm: security.SMACK64MMAP
[    0.829966] evm: security.ima
[    0.830882] evm: security.capability
[    0.832053] clocksource: jiffies: mask: 0xffffffff max_cycles: 0xffffffff, max_idle_ns: 7645041785100000 ns
[    0.834606] futex hash table entries: 512 (order: 3, 32768 bytes)
[    0.837120] pinctrl core: initialized pinctrl subsystem
[    0.839547] RTC time:  8:59:20, date: 09/02/20
[    0.841127] NET: Registered protocol family 16
[    0.851403] cpuidle: using governor ladder
[    0.866981] cpuidle: using governor menu
[    0.868416] PCCT header not found.
[    0.869994] ACPI: bus type PCI registered
[    0.871771] acpiphp: ACPI Hot Plug PCI Controller Driver version: 0.5
[    0.873349] PCI: Using configuration type 1 for base access
[    0.887443] ACPI: Added _OSI(Module Device)
[    0.889683] ACPI: Added _OSI(Processor Device)
[    0.891168] ACPI: Added _OSI(3.0 _SCP Extensions)
[    0.892782] ACPI: Added _OSI(Processor Aggregator Device)
[    0.895406] ACPI: Executed 1 blocks of module-level executable AML code
[    0.900132] ACPI: Interpreter enabled
[    0.901605] ACPI: (supports S0 S5)
[    0.903827] ACPI: Using IOAPIC for interrupt routing
[    0.905801] PCI: Using host bridge windows from ACPI; if necessary, use "pci=nocrs" and report a bug
[    0.913297] ACPI: PCI Root Bridge [PCI0] (domain 0000 [bus 00-ff])
[    0.915116] acpi PNP0A03:00: _OSC: OS supports [ASPM ClockPM Segments MSI]
[    0.918085] acpi PNP0A03:00: _OSC: not requesting OS control; OS requires [ExtendedConfig ASPM ClockPM MSI]
[    0.923194] acpi PNP0A03:00: fail to add MMCONFIG information, can't access extended PCI configuration space under this bridge.
[    0.926993] PCI host bridge to bus 0000:00
[    0.928039] pci_bus 0000:00: root bus resource [io  0x0000-0x0cf7 window]
[    0.929802] pci_bus 0000:00: root bus resource [io  0x0d00-0xffff window]
[    0.931837] pci_bus 0000:00: root bus resource [mem 0x000a0000-0x000bffff window]
[    0.934565] pci_bus 0000:00: root bus resource [mem 0x20000000-0xfdffffff window]
[    0.937593] pci_bus 0000:00: root bus resource [bus 00-ff]
[    0.942374] pci 0000:00:01.1: legacy IDE quirk: reg 0x10: [io  0x01f0-0x01f7]
[    0.944324] pci 0000:00:01.1: legacy IDE quirk: reg 0x14: [io  0x03f6]
[    0.946539] pci 0000:00:01.1: legacy IDE quirk: reg 0x18: [io  0x0170-0x0177]
[    0.965741] pci 0000:00:01.1: legacy IDE quirk: reg 0x1c: [io  0x0376]
[    0.981164] pci 0000:00:07.0: quirk: [io  0x4000-0x403f] claimed by PIIX4 ACPI
[    0.983392] pci 0000:00:07.0: quirk: [io  0x4100-0x410f] claimed by PIIX4 SMB
[    0.993082] ACPI: PCI Interrupt Link [LNKA] (IRQs 5 9 10 *11)
[    0.995862] ACPI: PCI Interrupt Link [LNKB] (IRQs 5 9 *10 11)
[    0.997994] ACPI: PCI Interrupt Link [LNKC] (IRQs 5 *9 10 11)
[    1.000411] ACPI: PCI Interrupt Link [LNKD] (IRQs 5 9 10 *11)
[    1.003583] ACPI: Enabled 2 GPEs in block 00 to 07
[    1.005691] vgaarb: setting as boot device: PCI:0000:00:02.0
[    1.007530] vgaarb: device added: PCI:0000:00:02.0,decodes=io+mem,owns=io+mem,locks=none
[    1.010678] vgaarb: loaded
[    1.011752] vgaarb: bridge control possible 0000:00:02.0
[    1.013813] SCSI subsystem initialized
[    1.015294] ACPI: bus type USB registered
[    1.016643] usbcore: registered new interface driver usbfs
[    1.018321] usbcore: registered new interface driver hub
[    1.020390] usbcore: registered new device driver usb
[    1.023050] PCI: Using ACPI for IRQ routing
[    1.025923] NetLabel: Initializing
[    1.027208] NetLabel:  domain hash size = 128
[    1.028598] NetLabel:  protocols = UNLABELED CIPSOv4
[    1.030759] NetLabel:  unlabeled traffic allowed by default
[    1.033138] amd_nb: Cannot enumerate AMD northbridges
[    1.035228] clocksource: Switched to clocksource kvm-clock
[    1.047560] AppArmor: AppArmor Filesystem Enabled
[    1.049120] pnp: PnP ACPI init
[    1.051266] pnp: PnP ACPI: found 3 devices
[    1.064408] clocksource: acpi_pm: mask: 0xffffff max_cycles: 0xffffff, max_idle_ns: 2085701024 ns
[    1.067290] NET: Registered protocol family 2
[    1.069517] TCP established hash table entries: 4096 (order: 3, 32768 bytes)
[    1.071835] TCP bind hash table entries: 4096 (order: 4, 65536 bytes)
[    1.073951] TCP: Hash tables configured (established 4096 bind 4096)
[    1.076076] UDP hash table entries: 256 (order: 1, 8192 bytes)
[    1.078072] UDP-Lite hash table entries: 256 (order: 1, 8192 bytes)
[    1.080353] NET: Registered protocol family 1
[    1.081985] pci 0000:00:00.0: Limiting direct PCI/PCI transfers
[    1.084110] pci 0000:00:01.0: Activating ISA DMA hang workarounds
[    1.090773] Unpacking initramfs...
[    1.381099] Freeing initrd memory: 14876K
[    1.382496] clocksource: tsc: mask: 0xffffffffffffffff max_cycles: 0x27178096781, max_idle_ns: 440795249729 ns
[    1.386098] platform rtc_cmos: registered platform RTC device (no PNP device found)
[    1.388859] Scanning for low memory corruption every 60 seconds
[    1.390933] audit: initializing netlink subsys (disabled)
[    1.392952] audit: type=2000 audit(1599037166.015:1): initialized
[    1.395297] Initialise system trusted keyring
[    1.397123] HugeTLB registered 2 MB page size, pre-allocated 0 pages
[    1.404187] zbud: loaded
[    1.405619] VFS: Disk quotas dquot_6.6.0
[    1.406998] VFS: Dquot-cache hash table entries: 512 (order 0, 4096 bytes)
[    1.409448] squashfs: version 4.0 (2009/01/31) Phillip Lougher
[    1.411788] fuse init (API version 7.23)
[    1.413358] Key type big_key registered
[    1.414695] Allocating IMA MOK and blacklist keyrings.
[    1.417782] Key type asymmetric registered
[    1.419541] Asymmetric key parser 'x509' registered
[    1.421553] Block layer SCSI generic (bsg) driver version 0.4 loaded (major 249)
[    1.424310] io scheduler noop registered
[    1.425927] io scheduler deadline registered (default)
[    1.427449] io scheduler cfq registered
[    1.429025] pci_hotplug: PCI Hot Plug PCI Core version: 0.5
[    1.430585] pciehp: PCI Express Hot Plug Controller Driver version: 0.4
[    1.432294] ACPI: AC Adapter [AC] (on-line)
[    1.433418] input: Power Button as /devices/LNXSYSTM:00/LNXPWRBN:00/input/input0
[    1.435293] ACPI: Power Button [PWRF]
[    1.437247] input: Sleep Button as /devices/LNXSYSTM:00/LNXSLPBN:00/input/input1
[    1.439471] ACPI: Sleep Button [SLPF]
[    1.441035] GHES: HEST is not enabled!
[    1.441891] ACPI: Battery Slot [BAT0] (battery present)
[    1.444242] Serial: 8250/16550 driver, 32 ports, IRQ sharing enabled
[    1.467070] 00:02: ttyS0 at I/O 0x3f8 (irq = 4, base_baud = 115200) is a 16550A
[    1.471217] Linux agpgart interface v0.103
[    1.474741] loop: module loaded
[    1.476677] scsi host0: ata_piix
[    1.477932] scsi host1: ata_piix
[    1.479078] ata1: PATA max UDMA/33 cmd 0x1f0 ctl 0x3f6 bmdma 0xd000 irq 14
[    1.480990] ata2: PATA max UDMA/33 cmd 0x170 ctl 0x376 bmdma 0xd008 irq 15
[    1.483528] libphy: Fixed MDIO Bus: probed
[    1.484821] tun: Universal TUN/TAP device driver, 1.6
[    1.486336] tun: (C) 1999-2004 Max Krasnyansky <maxk@qualcomm.com>
[    1.489256] PPP generic driver version 2.4.2
[    1.490952] ehci_hcd: USB 2.0 'Enhanced' Host Controller (EHCI) Driver
[    1.493013] ehci-pci: EHCI PCI platform driver
[    1.494188] ehci-platform: EHCI generic platform driver
[    1.495427] ohci_hcd: USB 1.1 'Open' Host Controller (OHCI) Driver
[    1.497049] ohci-pci: OHCI PCI platform driver
[    1.498531] ohci-platform: OHCI generic platform driver
[    1.500501] uhci_hcd: USB Universal Host Controller Interface driver
[    1.502430] i8042: PNP: PS/2 Controller [PNP0303:PS2K,PNP0f03:PS2M] at 0x60,0x64 irq 1,12
[    1.506243] serio: i8042 KBD port at 0x60,0x64 irq 1
[    1.507739] serio: i8042 AUX port at 0x60,0x64 irq 12
[    1.509512] mousedev: PS/2 mouse device common for all mice
[    1.512180] input: AT Translated Set 2 keyboard as /devices/platform/i8042/serio0/input/input2
[    1.515616] rtc_cmos rtc_cmos: rtc core: registered rtc_cmos as rtc0
[    1.517309] rtc_cmos rtc_cmos: alarms up to one day, 114 bytes nvram
[    1.519006] i2c /dev entries driver
[    1.520399] device-mapper: uevent: version 1.0.3
[    1.523121] device-mapper: ioctl: 4.34.0-ioctl (2015-10-28) initialised: dm-devel@redhat.com
[    1.525261] ledtrig-cpu: registered to indicate activity on CPUs
[    1.527224] NET: Registered protocol family 10
[    1.528921] NET: Registered protocol family 17
[    1.530508] Key type dns_resolver registered
[    1.532841] registered taskstats version 1
[    1.534185] Loading compiled-in X.509 certificates
[    1.536679] Loaded X.509 cert 'Build time autogenerated kernel key: f06b7227f29f55afa9b8968d1b82289d30ebc7c3'
[    1.540267] zswap: loaded using pool lzo/zbud
[    1.543828] Key type trusted registered
[    1.549111] Key type encrypted registered
[    1.550766] AppArmor: AppArmor sha1 policy hashing enabled
[    1.552374] ima: No TPM chip found, activating TPM-bypass!
[    1.554088] ima: Allocated hash algorithm: sha1
[    1.556290] evm: HMAC attrs: 0x1
[    1.557682]   Magic number: 4:457:977
[    1.559263] rtc_cmos rtc_cmos: setting system clock to 2020-09-02 08:59:21 UTC (1599037161)
[    1.562336] BIOS EDD facility v0.16 2004-Jun-25, 0 devices found
[    1.564227] EDD information not available.
[    1.667187] Freeing unused kernel memory: 1492K
[    1.668709] Write protecting the kernel read-only data: 14336k
[    1.672308] Freeing unused kernel memory: 1592K
[    1.674091] Freeing unused kernel memory: 56K
Loading, please wait...
starting version 229
[    1.695305] random: systemd-udevd: uninitialized urandom read (16 bytes read, 3 bits of entropy available)
[    1.698489] random: systemd-udevd: uninitialized urandom read (16 bytes read, 3 bits of entropy available)
[    1.700508] random: udevadm: uninitialized urandom read (16 bytes read, 3 bits of entropy available)
[    1.700542] random: udevadm: uninitialized urandom read (16 bytes read, 3 bits of entropy available)
[    1.718336] random: udevadm: uninitialized urandom read (16 bytes read, 3 bits of entropy available)
[    1.718400] random: udevadm: uninitialized urandom read (16 bytes read, 3 bits of entropy available)
[    1.718594] random: udevadm: uninitialized urandom read (16 bytes read, 3 bits of entropy available)
[    1.718668] random: udevadm: uninitialized urandom read (16 bytes read, 3 bits of entropy available)
[    1.718739] random: udevadm: uninitialized urandom read (16 bytes read, 3 bits of entropy available)
[    1.718810] random: udevadm: uninitialized urandom read (16 bytes read, 3 bits of entropy available)
[    1.794920] Fusion MPT base driver 3.04.20
[    1.796494] Copyright (c) 1999-2008 LSI Corporation
[    1.798846] e1000: Intel(R) PRO/1000 Network Driver - version 7.3.21-k8-NAPI
[    1.802024] e1000: Copyright (c) 1999-2006 Intel Corporation.
[    1.807156] Fusion MPT SPI Host driver 3.04.20
[    1.829631] AVX2 version of gcm_enc/dec engaged.
[    1.831078] AES CTR mode by8 optimization enabled
[    2.026797] input: ImExPS/2 Generic Explorer Mouse as /devices/platform/i8042/serio1/input/input4
[    2.290862] e1000 0000:00:03.0 eth0: (PCI:33MHz:32-bit) 02:e1:21:9c:b1:d3
[    2.292826] e1000 0000:00:03.0 eth0: Intel(R) PRO/1000 Network Connection
[    2.295878] mptbase: ioc0: Initiating bringup
[    2.298402] e1000 0000:00:03.0 enp0s3: renamed from eth0
[    2.359556] ioc0: LSI53C1030 A0: Capabilities={Initiator}
[    4.228063] scsi host2: ioc0: LSI53C1030 A0, FwRev=00000000h, Ports=1, MaxQ=256, IRQ=20
[    4.996573] scsi 2:0:0:0: Direct-Access     VBOX     HARDDISK         1.0  PQ: 0 ANSI: 5
[    4.998644] scsi target2:0:0: Beginning Domain Validation
[    5.002052] scsi target2:0:0: Domain Validation skipping write tests
[    5.003649] scsi target2:0:0: Ending Domain Validation
[    5.005663] scsi target2:0:0: asynchronous
[    5.007748] scsi 2:0:1:0: Direct-Access     VBOX     HARDDISK         1.0  PQ: 0 ANSI: 5
[    5.017119] scsi target2:0:1: Beginning Domain Validation
[    5.020069] scsi target2:0:1: Domain Validation skipping write tests
[    5.026793] scsi target2:0:1: Ending Domain Validation
[    5.043228] scsi target2:0:1: asynchronous
[    5.096137] sd 2:0:0:0: Attached scsi generic sg0 type 0
[    5.098121] sd 2:0:0:0: [sda] 20971520 512-byte logical blocks: (10.7 GB/10.0 GiB)
[    5.101432] sd 2:0:1:0: [sdb] 20480 512-byte logical blocks: (10.5 MB/10.0 MiB)
[    5.104941] sd 2:0:1:0: Attached scsi generic sg1 type 0
[    5.105223] sd 2:0:0:0: [sda] Write Protect is off
[    5.108381] sd 2:0:0:0: [sda] Incomplete mode parameter data
[    5.108382] sd 2:0:0:0: [sda] Assuming drive cache: write through
[    5.111986] sd 2:0:1:0: [sdb] Write Protect is off
[    5.113721] sd 2:0:1:0: [sdb] Incomplete mode parameter data
[    5.115061] sd 2:0:1:0: [sdb] Assuming drive cache: write through
[    5.116043]  sda: sda1
[    5.116690] sd 2:0:0:0: [sda] Attached SCSI disk
[    5.124381] sd 2:0:1:0: [sdb] Attached SCSI disk
Begin: Loading essential drivers ... [    6.832648] md: linear personality registered for level -1
[    6.837875] md: multipath personality registered for level -4
[    6.841619] md: raid0 personality registered for level 0
[    6.847845] md: raid1 personality registered for level 1
[    6.919878] raid6: sse2x1   gen()  8905 MB/s
[    6.987756] raid6: sse2x1   xor()  6450 MB/s
[    7.055683] raid6: sse2x2   gen() 11392 MB/s
[    7.123628] raid6: sse2x2   xor()  6887 MB/s
[    7.191419] raid6: sse2x4   gen() 13196 MB/s
[    7.259517] raid6: sse2x4   xor()  9471 MB/s
[    7.327406] raid6: avx2x1   gen() 14758 MB/s
[    7.395734] raid6: avx2x2   gen() 15714 MB/s
[    7.463282] raid6: avx2x4   gen() 21440 MB/s
[    7.464314] raid6: using algorithm avx2x4 gen() 21440 MB/s
[    7.465678] raid6: using avx2x2 recovery algorithm
[    7.468710] xor: automatically using best checksumming function:
[    7.511419]    avx       : 24015.000 MB/sec
[    7.515665] async_tx: api initialized (async)
[    7.535438] md: raid6 personality registered for level 6
[    7.537222] md: raid5 personality registered for level 5
[    7.539208] md: raid4 personality registered for level 4
[    7.548327] md: raid10 personality registered for level 10
done.
Begin: Running /scripts/init-premount ... done.
Begin: Mounting root file system ... Begin: Running /scripts/local-top ... done.
Begin: Running /scripts/local-premount ... [    7.587575] Btrfs loaded
Scanning for Btrfs filesystems
done.
Warning: fsck not present, so skipping root file system
[    7.793659] EXT4-fs (sda1): mounted filesystem with ordered data mode. Opts: (null)
done.
Begin: Running /scripts/local-bottom ... done.
Begin: Running /scripts/init-bottom ... done.
[    7.921548] systemd[1]: systemd 229 running in system mode. (+PAM +AUDIT +SELINUX +IMA +APPARMOR +SMACK +SYSVINIT +UTMP +LIBCRYPTSETUP +GCRYPT +GNUTLS +ACL +XZ -LZ4 +SECCOMP +BLKID +ELFUTILS +KMOD -IDN)
[    7.928095] systemd[1]: Detected virtualization oracle.
[    7.929690] systemd[1]: Detected architecture x86-64.

Welcome to [1mUbuntu 16.04.7 LTS[0m!

[    7.936390] systemd[1]: Set hostname to <ubuntu>.
[    7.941778] systemd[1]: Initializing machine ID from random generator.
[    7.944001] systemd[1]: Installed transient /etc/machine-id file.
[    8.122467] systemd[1]: Listening on Journal Audit Socket.
[[0;32m  OK  [0m] Listening on Journal Audit Socket.
[    8.125572] systemd[1]: Reached target System Time Synchronized.
[[0;32m  OK  [0m] Reached target System Time Synchronized.
[    8.136254] systemd[1]: Listening on LVM2 poll daemon socket.
[[0;32m  OK  [0m] Listening on LVM2 poll daemon socket.
[    8.139655] systemd[1]: Reached target Swap.
[[0;32m  OK  [0m] Reached target Swap.
[    8.142429] systemd[1]: Listening on Journal Socket (/dev/log).
[[0;32m  OK  [0m] Listening on Journal Socket (/dev/log).
[    8.145542] systemd[1]: Listening on Device-mapper event daemon FIFOs.
[[0;32m  OK  [0m] Listening on Device-mapper event daemon FIFOs.
[    8.148487] systemd[1]: Listening on Journal Socket.
[[0;32m  OK  [0m] Listening on Journal Socket.
[    8.151284] systemd[1]: Started Forward Password Requests to Wall Directory Watch.
[[0;32m  OK  [0m] Started Forward Password Requests to Wall Directory Watch.
[    8.159787] systemd[1]: Set up automount Arbitrary Executable File Formats File System Automount Point.
[[0;32m  OK  [0m] Set up automount Arbitrary Executab...ats File System Automount Point.
[    8.174345] systemd[1]: Started Trigger resolvconf update for networkd DNS.
[[0;32m  OK  [0m] Started Trigger resolvconf update for networkd DNS.
[    8.188541] systemd[1]: Reached target Encrypted Volumes.
[[0;32m  OK  [0m] Reached target Encrypted Volumes.
[    8.209184] systemd[1]: Listening on LVM2 metadata daemon socket.
[[0;32m  OK  [0m] Listening on LVM2 metadata daemon socket.
[    8.247545] systemd[1]: Listening on udev Control Socket.
[[0;32m  OK  [0m] Listening on udev Control Socket.
[    8.250456] systemd[1]: Reached target User and Group Name Lookups.
[[0;32m  OK  [0m] Reached target User and Group Name Lookups.
[    8.253979] systemd[1]: Created slice User and Session Slice.
[[0;32m  OK  [0m] Created slice User and Session Slice.
[    8.257988] systemd[1]: Listening on /dev/initctl Compatibility Named Pipe.
[[0;32m  OK  [0m] Listening on /dev/initctl Compatibility Named Pipe.
[    8.261086] systemd[1]: Listening on udev Kernel Socket.
[[0;32m  OK  [0m] Listening on udev Kernel Socket.
[    8.264228] systemd[1]: Created slice System Slice.
[[0;32m  OK  [0m] Created slice System Slice.
[    8.295446] systemd[1]: Starting Set console keymap...
         Starting Set console keymap...
[    8.299404] systemd[1]: Created slice system-serial\x2dgetty.slice.
[[0;32m  OK  [0m] Created slice system-serial\x2dgetty.slice.
[    8.309265] systemd[1]: Mounting Huge Pages File System...
         Mounting Huge Pages File System...
[    8.319942] systemd[1]: Starting Uncomplicated firewall...
         Starting Uncomplicated firewall...
[    8.330559] systemd[1]: Starting Load Kernel Modules...
         Starting Load Kernel Modules...
[    8.335617] systemd[1]: Reached target Slices.
[[0;32m  OK  [0m] Reached target Slices.
[    8.372702] systemd[1]: Starting Remount Root and Kernel File Systems...
         Starting Remount Root and Kernel File Systems...
[    8.398383] systemd[1]: Starting Monitoring of LVM2 mirrors, snapshots etc. using dmeventd or progress polling...
         Starting Monitoring of LVM2 mirrors... dmeventd or progress polling...
[    8.431696] Loading iSCSI transport class v2.0-870.
[    8.432910] systemd[1]: Mounting POSIX Message Queue File System...
[    8.433354] EXT4-fs (sda1): re-mounted. Opts: (null)
         Mounting POSIX Message Queue File System...
[    8.456931] systemd[1]: Starting Nameserver information manager...
         Starting Nameserver information manager...
[    8.486354] systemd[1]: Mounting Debug File System...
         Mounting Debug File System...
[    8.501442] systemd[1]: Listening on Syslog Socket.
[[0;32m  OK  [0m] Listening on Syslog Socket.
[    8.506907] systemd[1]: Starting Journal Service...
         Starting Journal Service...
[    8.514697] systemd[1]: Starting Create list of required static device nodes for the current kernel...
         Starting Create list of required st... nodes for the current kernel...
[    8.529095] systemd[1]: Mounted Debug File System.
[[0;32m  OK  [0m] Mounted Debug File System.
[    8.539049] iscsi: registered transport (tcp)
[    8.542542] systemd[1]: Mounted POSIX Message Queue File System.
[[0;32m  OK  [0m] Mounted POSIX Message Queue File System.
[    8.566005] systemd[1]: Mounted Huge Pages File System.
[[0;32m  OK  [0m] Mounted Huge Pages File System.
[    8.571132] systemd[1]: Started Uncomplicated firewall.
[[0;32m  OK  [0m] Started Uncomplicated firewall.
[    8.579428] systemd[1]: Started Remount Root and Kernel File Systems.
[    8.581814] random: nonblocking pool is initialized
[[0;32m  OK  [0m] Started Remount Root and Kernel File Systems.
[    8.593393] systemd[1]: Started Set console keymap.
[[0;32m  OK  [0m] Started Set console keymap.
[    8.620370] systemd[1]: Started Create list of required static device nodes for the current kernel.
[[0;32m  OK  [0m] Started Create list of required sta...ce nodes for the current kernel.
[    8.632170] systemd[1]: Started Journal Service.
[[0;32m  OK  [0m] Started Journal Service.
[    8.650878] iscsi: registered transport (iser)
[[0;32m  OK  [0m] Started Nameserver information manager.
[[0;32m  OK  [0m] Started Load Kernel Modules.
[[0;32m  OK  [0m] Started LVM2 metadata daemon.
         Starting Apply Kernel Variables...
         Mounting FUSE Control File System...
         Starting Create Static Device Nodes in /dev...
         Starting Load/Save Random Seed...
         Starting udev Coldplug all Devices...
         Starting Flush Journal to Persistent Storage...
[[0;32m  OK  [0m] Mounted FUSE Control File System.
[[0;32m  OK  [0m] Started Apply Kernel Variables.
[[0;32m  OK  [0m] Started Load/Save Random Seed.
[[0;32m  OK  [0m] Started Flush Journal to Persistent Storage.
[[0;32m  OK  [0m] Started Create Static Device Nodes in /dev.
         Starting udev Kernel Device Manager...
[[0;32m  OK  [0m] Started udev Coldplug all Devices.
[[0;32m  OK  [0m] Started udev Kernel Device Manager.
[[0;32m  OK  [0m] Started Dispatch Password Requests to Console Directory Watch.
[[0;32m  OK  [0m] Started Monitoring of LVM2 mirrors,...ng dmeventd or progress polling.
[[0;32m  OK  [0m] Reached target Local File Systems (Pre).
[[0;32m  OK  [0m] Reached target Local File Systems.
         Starting Commit a transient machine-id on disk...
         Starting Set console font and keymap...
         Starting LSB: AppArmor initialization...
         Starting Initial cloud-init job (pre-networking)...
         Starting Tell Plymouth To Write Out Runtime Data...
         Starting Create Volatile Files and Directories...
[[0;32m  OK  [0m] Started Tell Plymouth To Write Out Runtime Data.
[[0;32m  OK  [0m] Started Create Volatile Files and Directories.
         Starting Update UTMP about System Boot/Shutdown...
[[0;32m  OK  [0m] Started Commit a transient machine-id on disk.
[[0;32m  OK  [0m] Started Update UTMP about System Boot/Shutdown.
[[0;32m  OK  [0m] Found device /dev/ttyS0.
[[0;32m  OK  [0m] Listening on Load/Save RF Kill Switch Status /dev/rfkill Watch.
[   12.676801] cloud-init[486]: Cloud-init v. 20.2-45-g5f7825e2-0ubuntu1~16.04.1 running 'init-local' at Wed, 02 Sep 2020 08:59:31 +0000. Up 11.19 seconds.
[[0;32m  OK  [0m] Started Initial cloud-init job (pre-networking).
[[0;32m  OK  [0m] Reached target Network (Pre).
[[0;32m  OK  [0m] Started LSB: AppArmor initialization.
         Starting Raise network interfaces...
         Starting Load AppArmor profiles managed internally by snapd...
[[0;32m  OK  [0m] Started Set console font and keymap.
[[0;32m  OK  [0m] Created slice system-getty.slice.
[[0;32m  OK  [0m] Started Load AppArmor profiles managed internally by snapd.
[[0;32m  OK  [0m] Started Raise network interfaces.
         Starting Initial cloud-init job (metadata service crawler)...
[[0;32m  OK  [0m] Reached target Network.
[   17.685690] cloud-init[954]: Cloud-init v. 20.2-45-g5f7825e2-0ubuntu1~16.04.1 running 'init' at Wed, 02 Sep 2020 08:59:36 +0000. Up 16.11 seconds.
[   17.689561] cloud-init[954]: ci-info: ++++++++++++++++++++++++++++++++++++++Net device info++++++++++++++++++++++++++++++++++++++
[   17.692586] cloud-init[954]: ci-info: +--------+------+----------------------------+---------------+--------+-------------------+
[   17.695224] cloud-init[954]: ci-info: | Device |  Up  |          Address           |      Mask     | Scope  |     Hw-Address    |
[   17.698681] cloud-init[954]: ci-info: +--------+------+----------------------------+---------------+--------+-------------------+
[   17.702731] cloud-init[954]: ci-info: | enp0s3 | True |         10.0.2.15          | 255.255.255.0 | global | 02:e1:21:9c:b1:d3 |
[   17.704990] cloud-init[954]: ci-info: | enp0s3 | True | fe80::e1:21ff:fe9c:b1d3/64 |       .       |  link  | 02:e1:21:9c:b1:d3 |
[   17.709055] cloud-init[954]: ci-info: |   lo   | True |         127.0.0.1          |   255.0.0.0   |  host  |         .         |
[   17.713111] cloud-init[954]: ci-info: |   lo   | True |          ::1/128           |       .       |  host  |         .         |
[   17.717025] cloud-init[954]: ci-info: +--------+------+----------------------------+---------------+--------+-------------------+
[   17.721548] cloud-init[954]: ci-info: +++++++++++++++++++++++++++Route IPv4 info++++++++++++++++++++++++++++
[   17.730057] cloud-init[954]: ci-info: +-------+-------------+----------+---------------+-----------+-------+
[   17.733361] cloud-init[954]: ci-info: | Route | Destination | Gateway  |    Genmask    | Interface | Flags |
[   17.736798] cloud-init[954]: ci-info: +-------+-------------+----------+---------------+-----------+-------+
[   17.739302] cloud-init[954]: ci-info: |   0   |   0.0.0.0   | 10.0.2.2 |    0.0.0.0    |   enp0s3  |   UG  |
[   17.745707] cloud-init[954]: ci-info: |   1   |   10.0.2.0  | 0.0.0.0  | 255.255.255.0 |   enp0s3  |   U   |
[   17.760553] cloud-init[954]: ci-info: +-------+-------------+----------+---------------+-----------+-------+
[   17.767013] cloud-init[954]: ci-info: +++++++++++++++++++Route IPv6 info+++++++++++++++++++
[   17.772815] cloud-init[954]: ci-info: +-------+-------------+---------+-----------+-------+
[   17.775146] cloud-init[954]: ci-info: | Route | Destination | Gateway | Interface | Flags |
[   17.777438] cloud-init[954]: ci-info: +-------+-------------+---------+-----------+-------+
[   17.783146] cloud-init[954]: ci-info: |   0   |  fe80::/64  |    ::   |   enp0s3  |   U   |
[   17.788926] cloud-init[954]: ci-info: |   4   |   ff00::/8  |    ::   |   enp0s3  |   U   |
[[0;32m  OK  [0m] Started Initial cloud-init job (metadata service crawler).[   17.800711] cloud-init[954]: ci-info: +-------+-------------+---------+-----------+-------+
[   17.803894] 
[[0;32m  OK  [0m] Reached target System Initialization.
[[0;32m  OK  [0m] Started Daily apt download activities.
[[0;32m  OK  [0m] Listening on UUID daemon activation socket.
cloud-init[954]: Generating public/private rsa key pair.
[   17.810870] cloud-init[954]: Your identification has been saved in /etc/ssh/ssh_host_rsa_key.
[   17.813478] cloud-init[954]: Your public key has been saved in /etc/ssh/ssh_host_rsa_key.pub.
[   17.816395] cloud-init[954]: The key fingerprint is:
[   17.818149] cloud-init[954]: SHA256:6TeQ/YBrWAuvOm9EyK6UTKpludY6u0knMWpgz7lSyIY root@ubuntu-xenial
[   17.821336] cloud-init[954]: The key's randomart image is:
[   17.822810] cloud-init[954]: +---[RSA 2048]----+
[   17.824311] cloud-init[954]: |                 |
[   17.825850] cloud-init[954]: |                 |
[   17.827324] cloud-init[954]: |   . .           |
[   17.829032] cloud-init[954]: |  . o .  =       |
[   17.830490] cloud-init[954]: |+=++ .. S o      |
[   17.832072] cloud-init[954]: |E=X+o .* + o     |
[   17.834066] cloud-init[954]: |+=+B... * o .    |
[   17.836345] cloud-init[954]: |oo=++ .o . .     |
[   17.838112] cloud-init[954]: | .**.=o          |
[   17.839761] cloud-init[954]: +----[SHA256]-----+
[   17.840995] cloud-init[954]: Generating public/private dsa key pair.
[   17.842226] cloud-init[954]: Your identification has been saved in /etc/ssh/ssh_host_dsa_key.
[   17.843730] cloud-init[954]: Your public key has been saved in /etc/ssh/ssh_host_dsa_key.pub.
[   17.845262] cloud-init[954]: The key fingerprint is:
[   17.846354] cloud-init[954]: SHA256:oKYyy26GYYYgjOP7bKCHhEL+yem4RGMiph4TRUWSyzo root@ubuntu-xenial
[   17.849124] cloud-init[954]: The key's randomart image is:
[   17.850831] cloud-init[954]: +---[DSA 1024]----+
[   17.852122] cloud-init[954]: |   o+o           |
[   17.853366] cloud-init[954]: |  ...            |
[   17.854698] cloud-init[954]: |o ... .          |
[   17.855899] cloud-init[954]: |=o.o . .         |
[   17.863181] cloud-init[954]: |@B. o   S        |
[   17.870854] cloud-init[954]: |%Eoo             |
[   17.872845] cloud-init[954]: |@*B o            |
[   17.877460] cloud-init[954]: |BB**             |
[   17.879007] cloud-init[954]: |=B=+             |
[   17.880417] cloud-init[954]: +----[SHA256]-----+
[[0;32m  OK  [0m] Started ACPI Events Check.
[   17.888506] cloud-init[954]: Generating public/private ecdsa key pair.
[   17.889203] cloud-init[954]: Your identification has been saved in /etc/ssh/ssh_host_ecdsa_key.
[   17.889830] cloud-init[954]: Your public key has been saved in /etc/ssh/ssh_host_ecdsa_key.pub.
[   17.890598] cloud-init[954]: The key fingerprint is:
[   17.891194] cloud-init[954]: SHA256:mBgaN5P+AZjbybA50olzRnVUjDnQd4uW9OS9mA1mWHo root@ubuntu-xenial
[   17.891709] cloud-init[954]: The key's randomart image is:
[[0;32m  OK  [0m] Reached target Paths.
[[   17.892413] cloud-init[954]: +---[ECDSA 256]---+
[   17.896797] cloud-init[954]: |    o+o=.        |
[0;32m  OK  [0m] Listening on D-Bus System Message Bus Socket.
[[   17.897362] cloud-init[954]: |   + o= + +      |
[   17.901328] cloud-init[954]: |  * B  + @ o     |
[   17.901681] cloud-init[954]: | + & B o* E .    |
[0;32m  OK  [0m] Listening on ACPID Listen Socket.
[   17.902504] cloud-init[954]: |+ @ * +.S+ = .   |
[   17.917117] cloud-init[954]: | = . . .  o o    |
[   17.918495] cloud-init[954]: |      .          |
[   17.919741] cloud-init[954]: |                 |
[   17.920834] cloud-init[954]: |                 |
[   17.921952] cloud-init[954]: +----[SHA256]-----+
[   17.928516] cloud-init[954]: Generating public/private ed25519 key pair.
[   17.930015] cloud-init[954]: Your identification has been saved in /etc/ssh/ssh_host_ed25519_key.
[   17.932213] cloud-init[954]: Your public key has been saved in /etc/ssh/ssh_host_ed25519_key.pub.
[   17.934114] cloud-init[954]: The key fingerprint is:
[   17.935172] cloud-init[954]: SHA256:qzHNn1tKj3zCCmbQIP0n0o7oJ83WUniIHujVhe0Ej6o root@ubuntu-xenial
[   17.936805] cloud-init[954]: The key's randomart image is:
[   17.938055] cloud-init[954]: +--[ED25519 256]--+
[   17.939091] cloud-init[954]: |                 |
[   17.942347] cloud-init[954]: |   . .           |
[   17.944626] cloud-init[954]: |  . o *          |
         Starting LXD - unix socket.
[   17.944811] cloud-init[954]: |   . B =         |
[   17.952887] cloud-init[954]: | . .=oO S        |
[   17.953132] cloud-init[954]: |. o+o*o* .       |
[   17.953713] cloud-init[954]: |..++.+B +.. .    |
[   17.954248] cloud-init[954]: | Eo *o.= +o*.    |
         [   17.955542] cloud-init[954]: |  .+ .. ..B+.    |
[   17.955706] cloud-init[954]: +----[SHA256]-----+
Starting Socket activation for snappy daemon.
[[0;32m  OK  [0m] Started Daily Cleanup of Temporary Directories.
[[0;32m  OK  [0m] Started Message of the Day.
[[0;32m  OK  [0m] Started Daily apt upgrade and clean activities.
[[0;32m  OK  [0m] Reached target Timers.
[[0;32m  OK  [0m] Reached target Network is Online.
         Starting iSCSI initiator daemon (iscsid)...
[[0;32m  OK  [0m] Reached target Cloud-config availability.
[[0;32m  OK  [0m] Listening on LXD - unix socket.
[[0;32m  OK  [0m] Listening on Socket activation for snappy daemon.
[[0;32m  OK  [0m] Reached target Sockets.
[[0;32m  OK  [0m] Reached target Basic System.
         Starting System Logging Service...
[[0;32m  OK  [0m] Started ACPI event daemon.
         Starting LSB: Record successful boot for GRUB...
         Starting Virtualbox guest utils...
         Starting /etc/rc.local Compatibility...
[[0;32m  OK  [0m] Started D-Bus System Message Bus.
         Starting Pollinate to seed the pseudo random number generator...
         Starting Snap Daemon...
[[0;32m  OK  [0m] Started Deferred execution scheduler.
         Starting Login Service...
         Starting LSB: MD monitoring daemon...
         Starting Accounts Service...
[[0;32m  OK  [0m] Started FUSE filesystem for LXC.
[[0;32m  OK  [0m] Started Regular background program processing daemon.
         Starting LXD - container startup/shutdown...
[[0;32m  OK  [0m] Started System Logging Service.
[[0;32m  OK  [0m] Started /etc/rc.local Compatibility.
[[0;32m  OK  [0m] Started iSCSI initiator daemon (iscsid).
         Starting Login to default iSCSI targets...
[[0;32m  OK  [0m] Started Login Service.
[[0;32m  OK  [0m] Started Unattended Upgrades Shutdown.
[[0;32m  OK  [0m] Started LSB: Record successful boot for GRUB.
[[0;32m  OK  [0m] Started LSB: MD monitoring daemon.
[[0;32m  OK  [0m] Started Login to default iSCSI targets.
[[0;32m  OK  [0m] Reached target Remote File Systems (Pre).
[[0;32m  OK  [0m] Reached target Remote File Systems.
         Starting LSB: daemon to balance interrupts for SMP systems...
         Starting Permit User Sessions...
         Starting LSB: Set the CPU Frequency Scaling governor to "ondemand"...
         Starting LSB: automatic crash report generation...
         Starting Authenticate and Authorize Users to Run Privileged Tasks...
[[0;32m  OK  [0m] Started LSB: Set the CPU Frequency Scaling governor to "ondemand".
[[0;32m  OK  [0m] Started Permit User Sessions.
         Starting Hold until boot process finishes up...
         Starting Terminate Plymouth Boot Screen...
[[0;32m  OK  [0m] Started Hold until boot process finishes up.
[[0;32m  OK  [0m] Started Getty on tty1.
[[0;32m  OK  [0m] Started Serial Getty on ttyS0.
[[0;32m  OK  [0m] Reached target Login Prompts.
         Starting Set console scheme...
[[0;32m  OK  [0m] Started Terminate Plymouth Boot Screen.
[[0;32m  OK  [0m] Started Set console scheme.
[[0;32m  OK  [0m] Started LSB: automatic crash report generation.
[[0;32m  OK  [0m] Started LSB: daemon to balance interrupts for SMP systems.
[[0;32m  OK  [0m] Started Authenticate and Authorize Users to Run Privileged Tasks.
[[0;32m  OK  [0m] Started Virtualbox guest utils.
[[0;32m  OK  [0m] Started Accounts Service.
[[0;32m  OK  [0m] Started LXD - container startup/shutdown.
[[0;32m  OK  [0m] Started Pollinate to seed the pseudo random number generator.
         Starting OpenBSD Secure Shell server...
[[0;32m  OK  [0m] Started Snap Daemon.
         Starting Wait until snapd is fully seeded...
[[0;32m  OK  [0m] Started OpenBSD Secure Shell server.
[[0;32m  OK  [0m] Started Wait until snapd is fully seeded.
[[0;32m  OK  [0m] Reached target Multi-User System.
[[0;32m  OK  [0m] Reached target Graphical Interface.
         Starting Update UTMP about System Runlevel Changes...
         Starting Apply the settings specified in cloud-config...
[[0;32m  OK  [0m] Started Update UTMP about System Runlevel Changes.
[[0;32m  OK  [0m] Created slice User Slice of vagrant.
[[0;32m  OK  [0m] Started Session 1 of user vagrant.
         Starting User Manager for UID 1000...
[[0;32m  OK  [0m] Started User Manager for UID 1000.
[   24.400932] cloud-init[1311]: Generating locales (this might take a while)...

Ubuntu 16.04.7 LTS ubuntu-xenial ttyS0

ubuntu-xenial login: [   26.790347] cloud-init[1311]:   en_US.UTF-8... done
[   26.791531] cloud-init[1311]: Generation complete.
[   27.419240] cloud-init[1311]: Cloud-init v. 20.2-45-g5f7825e2-0ubuntu1~16.04.1 running 'modules:config' at Wed, 02 Sep 2020 08:59:44 +0000. Up 24.03 seconds.
ci-info: no authorized SSH keys fingerprints found for user ubuntu.
<14>Sep  2 08:59:49 ec2: 
<14>Sep  2 08:59:49 ec2: #############################################################
<14>Sep  2 08:59:49 ec2: -----BEGIN SSH HOST KEY FINGERPRINTS-----
<14>Sep  2 08:59:49 ec2: 1024 SHA256:oKYyy26GYYYgjOP7bKCHhEL+yem4RGMiph4TRUWSyzo root@ubuntu-xenial (DSA)
<14>Sep  2 08:59:49 ec2: 256 SHA256:mBgaN5P+AZjbybA50olzRnVUjDnQd4uW9OS9mA1mWHo root@ubuntu-xenial (ECDSA)
<14>Sep  2 08:59:49 ec2: 256 SHA256:qzHNn1tKj3zCCmbQIP0n0o7oJ83WUniIHujVhe0Ej6o root@ubuntu-xenial (ED25519)
<14>Sep  2 08:59:49 ec2: 2048 SHA256:6TeQ/YBrWAuvOm9EyK6UTKpludY6u0knMWpgz7lSyIY root@ubuntu-xenial (RSA)
<14>Sep  2 08:59:49 ec2: -----END SSH HOST KEY FINGERPRINTS-----
<14>Sep  2 08:59:49 ec2: #############################################################
-----BEGIN SSH HOST KEY KEYS-----
ecdsa-sha2-nistp256 AAAAE2VjZHNhLXNoYTItbmlzdHAyNTYAAAAIbmlzdHAyNTYAAABBBDYwfMIdCNtGK/9owwjUWxsJMov03A8TlmxfJuzQrZS0hu2VztUSm8RfvmW2X8CNdxeCMqdHAsWrRVIQTYrm/rQ= root@ubuntu-xenial
ssh-ed25519 AAAAC3NzaC1lZDI1NTE5AAAAIHm5UK2KcakDIgsGDav7tVf4ieYjIeaMDUZad22W2Bpj root@ubuntu-xenial
ssh-rsa AAAAB3NzaC1yc2EAAAADAQABAAABAQDAeqlf3o2G0hZ2lLWwgvqOgle/ZqYXdPgFWV69OMUdj2R19SCBNIK5/H3VWk09dpSE/q6/MVUSvpjXi0Paej6pGLmRILyq/n9/uB3VE1SwAqccW5wqsKXoxO4B2CNW7Grx0YYwJDPrGt9/BVt+OuXDDHEh4Zqfrv+Js/g48SCzGaQrbhpPKsELeKnV2glvqCls8UnoA6SkEqDBQxB+rkMCQ3hv3MFifvl0lqM3FCr9EqWjZBHUmJkzU+FANGSZmNnJj9HjlJRjZSTlQNu3eP4sQeBXGPzF8xH1BwAqY3jy+QjWeR9fIQ9DZrkprIEx4pvdL5JBaof9ipG8sdk6KgEt root@ubuntu-xenial
-----END SSH HOST KEY KEYS-----
[   28.774583] cloud-init[1433]: Cloud-init v. 20.2-45-g5f7825e2-0ubuntu1~16.04.1 running 'modules:final' at Wed, 02 Sep 2020 08:59:48 +0000. Up 28.39 seconds.
[   28.777649] cloud-init[1433]: ci-info: no authorized SSH keys fingerprints found for user ubuntu.
[   28.778128] cloud-init[1433]: Cloud-init v. 20.2-45-g5f7825e2-0ubuntu1~16.04.1 finished at Wed, 02 Sep 2020 08:59:49 +0000. Datasource DataSourceNoCloud [seed=/dev/sdb][dsmode=net].  Up 28.74 seconds
