[    0.000000] Initializing cgroup subsys cpuset
[    0.000000] Initializing cgroup subsys cpu
[    0.000000] Initializing cgroup subsys cpuacct
[    0.000000] Linux version 4.4.0-187-generic (buildd@lgw01-amd64-035) (gcc version 5.4.0 20160609 (Ubuntu 5.4.0-6ubuntu1~16.04.12) ) #217-Ubuntu SMP Tue Jul 21 04:18:15 UTC 2020 (Ubuntu 4.4.0-187.217-generic 4.4.230)
[    0.000000] Command line: BOOT_IMAGE=/boot/vmlinuz-4.4.0-187-generic root=LABEL=cloudimg-rootfs ro console=tty1 console=ttyS0
[    0.000000] KERNEL supported cpus:
[    0.000000]   Intel GenuineIntel
[    0.000000]   AMD AuthenticAMD
[    0.000000]   Centaur CentaurHauls
[    0.000000] x86/fpu: xstate_offset[2]:  576, xstate_sizes[2]:  256
[    0.000000] x86/fpu: Supporting XSAVE feature 0x01: 'x87 floating point registers'
[    0.000000] x86/fpu: Supporting XSAVE feature 0x02: 'SSE registers'
[    0.000000] x86/fpu: Supporting XSAVE feature 0x04: 'AVX registers'
[    0.000000] x86/fpu: Enabled xstate features 0x7, context size is 832 bytes, using 'standard' format.
[    0.000000] e820: BIOS-provided physical RAM map:
[    0.000000] BIOS-e820: [mem 0x0000000000000000-0x000000000009fbff] usable
[    0.000000] BIOS-e820: [mem 0x000000000009fc00-0x000000000009ffff] reserved
[    0.000000] BIOS-e820: [mem 0x00000000000f0000-0x00000000000fffff] reserved
[    0.000000] BIOS-e820: [mem 0x0000000000100000-0x000000001ffeffff] usable
[    0.000000] BIOS-e820: [mem 0x000000001fff0000-0x000000001fffffff] ACPI data
[    0.000000] BIOS-e820: [mem 0x00000000fec00000-0x00000000fec00fff] reserved
[    0.000000] BIOS-e820: [mem 0x00000000fee00000-0x00000000fee00fff] reserved
[    0.000000] BIOS-e820: [mem 0x00000000fffc0000-0x00000000ffffffff] reserved
[    0.000000] NX (Execute Disable) protection: active
[    0.000000] SMBIOS 2.5 present.
[    0.000000] Hypervisor detected: KVM
[    0.000000] e820: last_pfn = 0x1fff0 max_arch_pfn = 0x400000000
[    0.000000] MTRR: Disabled
[    0.000000] x86/PAT: MTRRs disabled, skipping PAT initialization too.
[    0.000000] CPU MTRRs all blank - virtualized system.
[    0.000000] x86/PAT: Configuration [0-7]: WB  WT  UC- UC  WB  WT  UC- UC  
[    0.000000] found SMP MP-table at [mem 0x0009fff0-0x0009ffff] mapped at [ffff88000009fff0]
[    0.000000] Scanning 1 areas for low memory corruption
[    0.000000] RAMDISK: [mem 0x1e883000-0x1f70bfff]
[    0.000000] ACPI: Early table checksum verification disabled
[    0.000000] ACPI: RSDP 0x00000000000E0000 000024 (v02 VBOX  )
[    0.000000] ACPI: XSDT 0x000000001FFF0030 00003C (v01 VBOX   VBOXXSDT 00000001 ASL  00000061)
[    0.000000] ACPI: FACP 0x000000001FFF00F0 0000F4 (v04 VBOX   VBOXFACP 00000001 ASL  00000061)
[    0.000000] ACPI: DSDT 0x000000001FFF0470 0022EA (v02 VBOX   VBOXBIOS 00000002 INTL 20100528)
[    0.000000] ACPI: FACS 0x000000001FFF0200 000040
[    0.000000] ACPI: FACS 0x000000001FFF0200 000040
[    0.000000] ACPI: APIC 0x000000001FFF0240 00005C (v02 VBOX   VBOXAPIC 00000001 ASL  00000061)
[    0.000000] ACPI: SSDT 0x000000001FFF02A0 0001CC (v01 VBOX   VBOXCPUT 00000002 INTL 20100528)
[    0.000000] No NUMA configuration found
[    0.000000] Faking a node at [mem 0x0000000000000000-0x000000001ffeffff]
[    0.000000] NODE_DATA(0) allocated [mem 0x1ffeb000-0x1ffeffff]
[    0.000000] kvm-clock: Using msrs 4b564d01 and 4b564d00
[    0.000000] kvm-clock: cpu 0, msr 0:1ffe3001, primary cpu clock
[    0.000000] kvm-clock: using sched offset of 3776245231 cycles
[    0.000000] clocksource: kvm-clock: mask: 0xffffffffffffffff max_cycles: 0x1cd42e4dffb, max_idle_ns: 881590591483 ns
[    0.000000] Zone ranges:
[    0.000000]   DMA      [mem 0x0000000000001000-0x0000000000ffffff]
[    0.000000]   DMA32    [mem 0x0000000001000000-0x000000001ffeffff]
[    0.000000]   Normal   empty
[    0.000000]   Device   empty
[    0.000000] Movable zone start for each node
[    0.000000] Early memory node ranges
[    0.000000]   node   0: [mem 0x0000000000001000-0x000000000009efff]
[    0.000000]   node   0: [mem 0x0000000000100000-0x000000001ffeffff]
[    0.000000] Initmem setup node 0 [mem 0x0000000000001000-0x000000001ffeffff]
[    0.000000] ACPI: PM-Timer IO Port: 0x4008
[    0.000000] IOAPIC[0]: apic_id 2, version 32, address 0xfec00000, GSI 0-23
[    0.000000] ACPI: INT_SRC_OVR (bus 0 bus_irq 0 global_irq 2 dfl dfl)
[    0.000000] ACPI: INT_SRC_OVR (bus 0 bus_irq 9 global_irq 9 low level)
[    0.000000] Using ACPI (MADT) for SMP configuration information
[    0.000000] smpboot: Allowing 2 CPUs, 0 hotplug CPUs
[    0.000000] PM: Registered nosave memory: [mem 0x00000000-0x00000fff]
[    0.000000] PM: Registered nosave memory: [mem 0x0009f000-0x0009ffff]
[    0.000000] PM: Registered nosave memory: [mem 0x000a0000-0x000effff]
[    0.000000] PM: Registered nosave memory: [mem 0x000f0000-0x000fffff]
[    0.000000] e820: [mem 0x20000000-0xfebfffff] available for PCI devices
[    0.000000] Booting paravirtualized kernel on KVM
[    0.000000] clocksource: refined-jiffies: mask: 0xffffffff max_cycles: 0xffffffff, max_idle_ns: 7645519600211568 ns
[    0.000000] setup_percpu: NR_CPUS:512 nr_cpumask_bits:512 nr_cpu_ids:2 nr_node_ids:1
[    0.000000] PERCPU: Embedded 33 pages/cpu @ffff88001fc00000 s95512 r8192 d31464 u1048576
[    0.000000] Built 1 zonelists in Node order, mobility grouping on.  Total pages: 128888
[    0.000000] Policy zone: DMA32
[    0.000000] Kernel command line: BOOT_IMAGE=/boot/vmlinuz-4.4.0-187-generic root=LABEL=cloudimg-rootfs ro console=tty1 console=ttyS0
[    0.000000] PID hash table entries: 2048 (order: 2, 16384 bytes)
[    0.000000] Memory: 481580K/523832K available (8636K kernel code, 1337K rwdata, 4040K rodata, 1492K init, 1296K bss, 42252K reserved, 0K cma-reserved)
[    0.000000] SLUB: HWalign=64, Order=0-3, MinObjects=0, CPUs=2, Nodes=1
[    0.000000] Kernel/User page tables isolation: enabled
[    0.000000] Hierarchical RCU implementation.
[    0.000000] 	Build-time adjustment of leaf fanout to 64.
[    0.000000] 	RCU restricting CPUs from NR_CPUS=512 to nr_cpu_ids=2.
[    0.000000] RCU: Adjusting geometry for rcu_fanout_leaf=64, nr_cpu_ids=2
[    0.000000] NR_IRQS:33024 nr_irqs:440 16
[    0.000000] Console: colour VGA+ 80x25
[    0.000000] console [tty1] enabled
[    0.000000] console [ttyS0] enabled
[    0.000000] tsc: Detected 1992.003 MHz processor
[    0.213946] Calibrating delay loop (skipped) preset value.. 3984.00 BogoMIPS (lpj=7968012)
[    0.216677] pid_max: default: 32768 minimum: 301
[    0.218116] ACPI: Core revision 20150930
[    0.221892] ACPI: 2 ACPI AML tables successfully acquired and loaded
[    0.223909] Security Framework initialized
[    0.225256] Yama: becoming mindful.
[    0.226444] AppArmor: AppArmor initialized
[    0.227787] Dentry cache hash table entries: 65536 (order: 7, 524288 bytes)
[    0.229807] Inode-cache hash table entries: 32768 (order: 6, 262144 bytes)
[    0.231701] Mount-cache hash table entries: 1024 (order: 1, 8192 bytes)
[    0.233608] Mountpoint-cache hash table entries: 1024 (order: 1, 8192 bytes)
[    0.235673] Initializing cgroup subsys io
[    0.237017] Initializing cgroup subsys memory
[    0.238363] Initializing cgroup subsys devices
[    0.239739] Initializing cgroup subsys freezer
[    0.241147] Initializing cgroup subsys net_cls
[    0.242478] Initializing cgroup subsys perf_event
[    0.243836] Initializing cgroup subsys net_prio
[    0.245240] Initializing cgroup subsys hugetlb
[    0.246560] Initializing cgroup subsys pids
[    0.249675] mce: CPU supports 0 MCE banks
[    0.250932] Last level iTLB entries: 4KB 64, 2MB 8, 4MB 8
[    0.252597] Last level dTLB entries: 4KB 64, 2MB 0, 4MB 0, 1GB 4
[    0.254273] Spectre V1 : Mitigation: usercopy/swapgs barriers and __user pointer sanitization
[    0.256795] Spectre V2 : Mitigation: Full generic retpoline
[    0.258325] Spectre V2 : Spectre v2 / SpectreRSB mitigation: Filling RSB on context switch
[    0.260813] Speculative Store Bypass: Vulnerable
[    0.262198] SRBDS: Unknown: Dependent on hypervisor status
[    0.263918] MDS: Mitigation: Clear CPU buffers
[    0.269102] Freeing SMP alternatives memory: 36K
[    0.278583] ftrace: allocating 32337 entries in 127 pages
[    0.360280] smpboot: APIC(0) Converting physical 0 to logical package 0
[    0.362208] smpboot: Max logical packages: 1
[    0.363981] x2apic enabled
[    0.365405] Switched APIC routing to physical x2apic.
[    0.368630] ..TIMER: vector=0x30 apic1=0 pin1=2 apic2=-1 pin2=-1
[    0.478573] smpboot: CPU0: Intel(R) Core(TM) i7-8550U CPU @ 1.80GHz (family: 0x6, model: 0x8e, stepping: 0xa)
[    0.481887] Performance Events: unsupported p6 CPU model 142 no PMU driver, software events only.
[    0.498490] KVM setup paravirtual spinlock
[    0.500562] x86: Booting SMP configuration:
[    0.501859] .... node  #0, CPUs:      #1
[    0.503203] kvm-clock: cpu 1, msr 0:1ffe3041, secondary cpu clock
[    0.506263] mce: CPU supports 0 MCE banks
[    0.509037] x86: Booted up 1 node, 2 CPUs
[    0.510624] smpboot: Total of 2 processors activated (7968.01 BogoMIPS)
[    0.516265] devtmpfs: initialized
[    0.519031] evm: security.selinux
[    0.520150] evm: security.SMACK64
[    0.521287] evm: security.SMACK64EXEC
[    0.522475] evm: security.SMACK64TRANSMUTE
[    0.523736] evm: security.SMACK64MMAP
[    0.525002] evm: security.ima
[    0.526035] evm: security.capability
[    0.527488] clocksource: jiffies: mask: 0xffffffff max_cycles: 0xffffffff, max_idle_ns: 7645041785100000 ns
[    0.530385] futex hash table entries: 512 (order: 3, 32768 bytes)
[    0.532315] pinctrl core: initialized pinctrl subsystem
[    0.534101] RTC time:  8:17:26, date: 09/02/20
[    0.535640] NET: Registered protocol family 16
[    0.546893] cpuidle: using governor ladder
[    0.562952] cpuidle: using governor menu
[    0.566209] PCCT header not found.
[    0.569275] ACPI: bus type PCI registered
[    0.572572] acpiphp: ACPI Hot Plug PCI Controller Driver version: 0.5
[    0.577404] PCI: Using configuration type 1 for base access
[    0.595658] ACPI: Added _OSI(Module Device)
[    0.599112] ACPI: Added _OSI(Processor Device)
[    0.602619] ACPI: Added _OSI(3.0 _SCP Extensions)
[    0.606198] ACPI: Added _OSI(Processor Aggregator Device)
[    0.612247] ACPI: Executed 1 blocks of module-level executable AML code
[    0.624431] ACPI: Interpreter enabled
[    0.627477] ACPI: (supports S0 S5)
[    0.630477] ACPI: Using IOAPIC for interrupt routing
[    0.634707] PCI: Using host bridge windows from ACPI; if necessary, use "pci=nocrs" and report a bug
[    0.650179] ACPI: PCI Root Bridge [PCI0] (domain 0000 [bus 00-ff])
[    0.652757] acpi PNP0A03:00: _OSC: OS supports [ASPM ClockPM Segments MSI]
[    0.656191] acpi PNP0A03:00: _OSC: not requesting OS control; OS requires [ExtendedConfig ASPM ClockPM MSI]
[    0.660148] acpi PNP0A03:00: fail to add MMCONFIG information, can't access extended PCI configuration space under this bridge.
[    0.664636] PCI host bridge to bus 0000:00
[    0.666255] pci_bus 0000:00: root bus resource [io  0x0000-0x0cf7 window]
[    0.668490] pci_bus 0000:00: root bus resource [io  0x0d00-0xffff window]
[    0.670507] pci_bus 0000:00: root bus resource [mem 0x000a0000-0x000bffff window]
[    0.672902] pci_bus 0000:00: root bus resource [mem 0x20000000-0xfdffffff window]
[    0.675411] pci_bus 0000:00: root bus resource [bus 00-ff]
[    0.679593] pci 0000:00:01.1: legacy IDE quirk: reg 0x10: [io  0x01f0-0x01f7]
[    0.681634] pci 0000:00:01.1: legacy IDE quirk: reg 0x14: [io  0x03f6]
[    0.683685] pci 0000:00:01.1: legacy IDE quirk: reg 0x18: [io  0x0170-0x0177]
[    0.701490] pci 0000:00:01.1: legacy IDE quirk: reg 0x1c: [io  0x0376]
[    0.716553] pci 0000:00:07.0: quirk: [io  0x4000-0x403f] claimed by PIIX4 ACPI
[    0.718879] pci 0000:00:07.0: quirk: [io  0x4100-0x410f] claimed by PIIX4 SMB
[    0.725510] ACPI: PCI Interrupt Link [LNKA] (IRQs 5 9 10 *11)
[    0.728130] ACPI: PCI Interrupt Link [LNKB] (IRQs 5 9 *10 11)
[    0.730611] ACPI: PCI Interrupt Link [LNKC] (IRQs 5 *9 10 11)
[    0.733218] ACPI: PCI Interrupt Link [LNKD] (IRQs 5 9 10 *11)
[    0.735709] ACPI: Enabled 2 GPEs in block 00 to 07
[    0.737746] vgaarb: setting as boot device: PCI:0000:00:02.0
[    0.739377] vgaarb: device added: PCI:0000:00:02.0,decodes=io+mem,owns=io+mem,locks=none
[    0.741860] vgaarb: loaded
[    0.742857] vgaarb: bridge control possible 0000:00:02.0
[    0.744706] SCSI subsystem initialized
[    0.746097] ACPI: bus type USB registered
[    0.747440] usbcore: registered new interface driver usbfs
[    0.749197] usbcore: registered new interface driver hub
[    0.750798] usbcore: registered new device driver usb
[    0.752665] PCI: Using ACPI for IRQ routing
[    0.754452] NetLabel: Initializing
[    0.755664] NetLabel:  domain hash size = 128
[    0.757083] NetLabel:  protocols = UNLABELED CIPSOv4
[    0.758686] NetLabel:  unlabeled traffic allowed by default
[    0.760556] amd_nb: Cannot enumerate AMD northbridges
[    0.762216] clocksource: Switched to clocksource kvm-clock
[    0.774532] AppArmor: AppArmor Filesystem Enabled
[    0.776153] pnp: PnP ACPI init
[    0.778722] pnp: PnP ACPI: found 3 devices
[    0.795811] clocksource: acpi_pm: mask: 0xffffff max_cycles: 0xffffff, max_idle_ns: 2085701024 ns
[    0.798798] NET: Registered protocol family 2
[    0.800471] TCP established hash table entries: 4096 (order: 3, 32768 bytes)
[    0.802719] TCP bind hash table entries: 4096 (order: 4, 65536 bytes)
[    0.805016] TCP: Hash tables configured (established 4096 bind 4096)
[    0.807153] UDP hash table entries: 256 (order: 1, 8192 bytes)
[    0.809077] UDP-Lite hash table entries: 256 (order: 1, 8192 bytes)
[    0.811208] NET: Registered protocol family 1
[    0.812772] pci 0000:00:00.0: Limiting direct PCI/PCI transfers
[    0.814749] pci 0000:00:01.0: Activating ISA DMA hang workarounds
[    0.820755] Unpacking initramfs...
[    1.134933] Freeing initrd memory: 14884K
[    1.136652] clocksource: tsc: mask: 0xffffffffffffffff max_cycles: 0x396d5809302, max_idle_ns: 881590667022 ns
[    1.140140] platform rtc_cmos: registered platform RTC device (no PNP device found)
[    1.142914] Scanning for low memory corruption every 60 seconds
[    1.145320] audit: initializing netlink subsys (disabled)
[    1.147182] audit: type=2000 audit(1599034651.673:1): initialized
[    1.149454] Initialise system trusted keyring
[    1.151546] HugeTLB registered 2 MB page size, pre-allocated 0 pages
[    1.155467] zbud: loaded
[    1.157192] VFS: Disk quotas dquot_6.6.0
[    1.158699] VFS: Dquot-cache hash table entries: 512 (order 0, 4096 bytes)
[    1.161340] squashfs: version 4.0 (2009/01/31) Phillip Lougher
[    1.163767] fuse init (API version 7.23)
[    1.165388] Key type big_key registered
[    1.166944] Allocating IMA MOK and blacklist keyrings.
[    1.172234] Key type asymmetric registered
[    1.173637] Asymmetric key parser 'x509' registered
[    1.175312] Block layer SCSI generic (bsg) driver version 0.4 loaded (major 249)
[    1.178004] io scheduler noop registered
[    1.179387] io scheduler deadline registered (default)
[    1.181033] io scheduler cfq registered
[    1.182461] pci_hotplug: PCI Hot Plug PCI Core version: 0.5
[    1.184221] pciehp: PCI Express Hot Plug Controller Driver version: 0.4
[    1.186405] ACPI: AC Adapter [AC] (off-line)
[    1.187944] input: Power Button as /devices/LNXSYSTM:00/LNXPWRBN:00/input/input0
[    1.190430] ACPI: Power Button [PWRF]
[    1.191814] input: Sleep Button as /devices/LNXSYSTM:00/LNXSLPBN:00/input/input1
[    1.194262] ACPI: Sleep Button [SLPF]
[    1.196893] ACPI: Battery Slot [BAT0] (battery present)
[    1.198679] GHES: HEST is not enabled!
[    1.200180] Serial: 8250/16550 driver, 32 ports, IRQ sharing enabled
[    1.223013] 00:02: ttyS0 at I/O 0x3f8 (irq = 4, base_baud = 115200) is a 16550A
[    1.226625] Linux agpgart interface v0.103
[    1.230503] loop: module loaded
[    1.232505] scsi host0: ata_piix
[    1.234020] scsi host1: ata_piix
[    1.235295] ata1: PATA max UDMA/33 cmd 0x1f0 ctl 0x3f6 bmdma 0xd000 irq 14
[    1.237221] ata2: PATA max UDMA/33 cmd 0x170 ctl 0x376 bmdma 0xd008 irq 15
[    1.239307] libphy: Fixed MDIO Bus: probed
[    1.240677] tun: Universal TUN/TAP device driver, 1.6
[    1.242209] tun: (C) 1999-2004 Max Krasnyansky <maxk@qualcomm.com>
[    1.244126] PPP generic driver version 2.4.2
[    1.245636] ehci_hcd: USB 2.0 'Enhanced' Host Controller (EHCI) Driver
[    1.247555] ehci-pci: EHCI PCI platform driver
[    1.249079] ehci-platform: EHCI generic platform driver
[    1.250726] ohci_hcd: USB 1.1 'Open' Host Controller (OHCI) Driver
[    1.252523] ohci-pci: OHCI PCI platform driver
[    1.254092] ohci-platform: OHCI generic platform driver
[    1.255774] uhci_hcd: USB Universal Host Controller Interface driver
[    1.257650] i8042: PNP: PS/2 Controller [PNP0303:PS2K,PNP0f03:PS2M] at 0x60,0x64 irq 1,12
[    1.260905] serio: i8042 KBD port at 0x60,0x64 irq 1
[    1.262467] serio: i8042 AUX port at 0x60,0x64 irq 12
[    1.264149] mousedev: PS/2 mouse device common for all mice
[    1.266406] rtc_cmos rtc_cmos: rtc core: registered rtc_cmos as rtc0
[    1.268392] rtc_cmos rtc_cmos: alarms up to one day, 114 bytes nvram
[    1.270293] i2c /dev entries driver
[    1.270413] input: AT Translated Set 2 keyboard as /devices/platform/i8042/serio0/input/input2
[    1.274305] device-mapper: uevent: version 1.0.3
[    1.276018] device-mapper: ioctl: 4.34.0-ioctl (2015-10-28) initialised: dm-devel@redhat.com
[    1.278786] ledtrig-cpu: registered to indicate activity on CPUs
[    1.281908] NET: Registered protocol family 10
[    1.283828] NET: Registered protocol family 17
[    1.285373] Key type dns_resolver registered
[    1.287974] registered taskstats version 1
[    1.289440] Loading compiled-in X.509 certificates
[    1.291844] Loaded X.509 cert 'Build time autogenerated kernel key: f06b7227f29f55afa9b8968d1b82289d30ebc7c3'
[    1.295242] zswap: loaded using pool lzo/zbud
[    1.299768] Key type trusted registered
[    1.305713] Key type encrypted registered
[    1.307248] AppArmor: AppArmor sha1 policy hashing enabled
[    1.309019] ima: No TPM chip found, activating TPM-bypass!
[    1.310829] ima: Allocated hash algorithm: sha1
[    1.312381] evm: HMAC attrs: 0x1
[    1.314099]   Magic number: 4:733:269
[    1.315718] rtc_cmos rtc_cmos: setting system clock to 2020-09-02 08:17:27 UTC (1599034647)
[    1.318794] BIOS EDD facility v0.16 2004-Jun-25, 0 devices found
[    1.320695] EDD information not available.
[    1.400173] Freeing unused kernel memory: 1492K
[    1.404528] Write protecting the kernel read-only data: 14336k
[    1.411576] Freeing unused kernel memory: 1592K
[    1.416529] Freeing unused kernel memory: 56K
Loading, please wait...
starting version 229
[    1.473742] random: systemd-udevd: uninitialized urandom read (16 bytes read, 3 bits of entropy available)
[    1.486327] random: udevadm: uninitialized urandom read (16 bytes read, 3 bits of entropy available)
[    1.486399] random: udevadm: uninitialized urandom read (16 bytes read, 3 bits of entropy available)
[    1.510405] random: systemd-udevd: uninitialized urandom read (16 bytes read, 3 bits of entropy available)
[    1.519252] random: systemd-udevd: uninitialized urandom read (16 bytes read, 3 bits of entropy available)
[    1.522118] random: udevadm: uninitialized urandom read (16 bytes read, 3 bits of entropy available)
[    1.522398] random: udevadm: uninitialized urandom read (16 bytes read, 3 bits of entropy available)
[    1.523041] random: udevadm: uninitialized urandom read (16 bytes read, 3 bits of entropy available)
[    1.523256] random: udevadm: uninitialized urandom read (16 bytes read, 3 bits of entropy available)
[    1.523445] random: udevadm: uninitialized urandom read (16 bytes read, 3 bits of entropy available)
[    1.601147] e1000: Intel(R) PRO/1000 Network Driver - version 7.3.21-k8-NAPI
[    1.603481] e1000: Copyright (c) 1999-2006 Intel Corporation.
[    1.605549] Fusion MPT base driver 3.04.20
[    1.607139] Copyright (c) 1999-2008 LSI Corporation
[    1.621110] Fusion MPT SPI Host driver 3.04.20
[    1.631797] AVX2 version of gcm_enc/dec engaged.
[    1.633529] AES CTR mode by8 optimization enabled
[    1.819760] input: ImExPS/2 Generic Explorer Mouse as /devices/platform/i8042/serio1/input/input4
[    2.022164] e1000 0000:00:03.0 eth0: (PCI:33MHz:32-bit) 02:98:c6:81:17:55
[    2.024457] e1000 0000:00:03.0 eth0: Intel(R) PRO/1000 Network Connection
[    2.027967] mptbase: ioc0: Initiating bringup
[    2.028017] e1000 0000:00:03.0 enp0s3: renamed from eth0
[    2.099184] ioc0: LSI53C1030 A0: Capabilities={Initiator}
[    2.271512] scsi host2: ioc0: LSI53C1030 A0, FwRev=00000000h, Ports=1, MaxQ=256, IRQ=20
[    2.392673] scsi 2:0:0:0: Direct-Access     VBOX     HARDDISK         1.0  PQ: 0 ANSI: 5
[    2.401768] scsi target2:0:0: Beginning Domain Validation
[    2.417892] scsi target2:0:0: Domain Validation skipping write tests
[    2.424105] scsi target2:0:0: Ending Domain Validation
[    2.429844] scsi target2:0:0: asynchronous
[    2.437517] scsi 2:0:1:0: Direct-Access     VBOX     HARDDISK         1.0  PQ: 0 ANSI: 5
[    2.445057] scsi target2:0:1: Beginning Domain Validation
[    2.459276] scsi target2:0:1: Domain Validation skipping write tests
[    2.464820] scsi target2:0:1: Ending Domain Validation
[    2.517262] scsi target2:0:1: asynchronous
[    2.535219] sd 2:0:0:0: Attached scsi generic sg0 type 0
[    2.535755] sd 2:0:0:0: [sda] 20971520 512-byte logical blocks: (10.7 GB/10.0 GiB)
[    2.536173] sd 2:0:0:0: [sda] Write Protect is off
[    2.536535] sd 2:0:0:0: [sda] Incomplete mode parameter data
[    2.536537] sd 2:0:0:0: [sda] Assuming drive cache: write through
[    2.545970] sd 2:0:1:0: Attached scsi generic sg1 type 0
[    2.546686] sd 2:0:1:0: [sdb] 20480 512-byte logical blocks: (10.5 MB/10.0 MiB)
[    2.547249] sd 2:0:1:0: [sdb] Write Protect is off
[    2.547539] sd 2:0:1:0: [sdb] Incomplete mode parameter data
[    2.547541] sd 2:0:1:0: [sdb] Assuming drive cache: write through
[    2.551487]  sda: sda1
[    2.553075] sd 2:0:0:0: [sda] Attached SCSI disk
[    2.555302] sd 2:0:1:0: [sdb] Attached SCSI disk
Begin: Loading essential drivers ... [    4.280296] md: linear personality registered for level -1
[    4.285732] md: multipath personality registered for level -4
[    4.291213] md: raid0 personality registered for level 0
[    4.298374] md: raid1 personality registered for level 1
[    4.370765] raid6: sse2x1   gen()  7578 MB/s
[    4.438637] raid6: sse2x1   xor()  6056 MB/s
[    4.506475] raid6: sse2x2   gen()  9269 MB/s
[    4.574292] raid6: sse2x2   xor()  7860 MB/s
[    4.642610] raid6: sse2x4   gen() 11215 MB/s
[    4.710446] raid6: sse2x4   xor()  7975 MB/s
[    4.778281] raid6: avx2x1   gen() 14959 MB/s
[    4.846623] raid6: avx2x2   gen() 16299 MB/s
[    4.914431] raid6: avx2x4   gen() 19045 MB/s
[    4.915859] raid6: using algorithm avx2x4 gen() 19045 MB/s
[    4.917568] raid6: using avx2x2 recovery algorithm
[    4.920861] xor: automatically using best checksumming function:
[    4.962287]    avx       : 17536.000 MB/sec
[    4.965260] async_tx: api initialized (async)
[    4.980745] md: raid6 personality registered for level 6
[    4.982589] md: raid5 personality registered for level 5
[    4.984373] md: raid4 personality registered for level 4
[    4.995886] md: raid10 personality registered for level 10
done.
Begin: Running /scripts/init-premount ... done.
Begin: Mounting root file system ... Begin: Running /scripts/local-top ... done.
Begin: Running /scripts/local-premount ... [    5.034951] Btrfs loaded
Scanning for Btrfs filesystems
done.
Warning: fsck not present, so skipping root file system
[    5.078016] EXT4-fs (sda1): mounted filesystem with ordered data mode. Opts: (null)
done.
Begin: Running /scripts/local-bottom ... done.
Begin: Running /scripts/init-bottom ... done.
[    5.190421] systemd[1]: systemd 229 running in system mode. (+PAM +AUDIT +SELINUX +IMA +APPARMOR +SMACK +SYSVINIT +UTMP +LIBCRYPTSETUP +GCRYPT +GNUTLS +ACL +XZ -LZ4 +SECCOMP +BLKID +ELFUTILS +KMOD -IDN)
[    5.195861] systemd[1]: Detected virtualization oracle.
[    5.197551] systemd[1]: Detected architecture x86-64.

Welcome to [1mUbuntu 16.04.7 LTS[0m!

[    5.203605] systemd[1]: Set hostname to <ubuntu>.
[    5.207951] systemd[1]: Initializing machine ID from random generator.
[    5.209965] systemd[1]: Installed transient /etc/machine-id file.
[    5.371159] systemd[1]: Listening on Journal Audit Socket.
[[0;32m  OK  [0m] Listening on Journal Audit Socket.
[    5.378606] systemd[1]: Listening on LVM2 poll daemon socket.
[[0;32m  OK  [0m] Listening on LVM2 poll daemon socket.
[    5.386900] systemd[1]: Listening on udev Control Socket.
[[0;32m  OK  [0m] Listening on udev Control Socket.
[    5.389904] systemd[1]: Started Forward Password Requests to Wall Directory Watch.
[[0;32m  OK  [0m] Started Forward Password Requests to Wall Directory Watch.
[    5.398935] systemd[1]: Reached target User and Group Name Lookups.
[[0;32m  OK  [0m] Reached target User and Group Name Lookups.
[    5.402305] systemd[1]: Set up automount Arbitrary Executable File Formats File System Automount Point.
[[0;32m  OK  [0m] Set up automount Arbitrary Executab...ats File System Automount Point.
[    5.415172] systemd[1]: Reached target System Time Synchronized.
[[0;32m  OK  [0m] Reached target System Time Synchronized.
[    5.418165] systemd[1]: Reached target Encrypted Volumes.
[[0;32m  OK  [0m] Reached target Encrypted Volumes.
[    5.426515] systemd[1]: Listening on Journal Socket (/dev/log).
[[0;32m  OK  [0m] Listening on Journal Socket (/dev/log).
[    5.429825] systemd[1]: Listening on Syslog Socket.
[[0;32m  OK  [0m] Listening on Syslog Socket.
[    5.433084] systemd[1]: Created slice User and Session Slice.
[[0;32m  OK  [0m] Created slice User and Session Slice.
[    5.443157] systemd[1]: Listening on udev Kernel Socket.
[[0;32m  OK  [0m] Listening on udev Kernel Socket.
[    5.446083] systemd[1]: Started Trigger resolvconf update for networkd DNS.
[[0;32m  OK  [0m] Started Trigger resolvconf update for networkd DNS.
[    5.450250] systemd[1]: Created slice System Slice.
[[0;32m  OK  [0m] Created slice System Slice.
[    5.453337] systemd[1]: Reached target Slices.
[[0;32m  OK  [0m] Reached target Slices.
[    5.462534] systemd[1]: Listening on Journal Socket.
[[0;32m  OK  [0m] Listening on Journal Socket.
[    5.483503] systemd[1]: Starting Load Kernel Modules...
         Starting Load Kernel Modules...
[    5.487264] systemd[1]: Mounting POSIX Message Queue File System...
         Mounting POSIX Message Queue File System...
[    5.491436] systemd[1]: Starting Uncomplicated firewall...
         Starting Uncomplicated firewall...
[    5.499412] Loading iSCSI transport class v2.0-870.
[    5.503322] systemd[1]: Starting Remount Root and Kernel File Systems...
         Starting Remount Root and Kernel File Systems...
[    5.508620] systemd[1]: Starting Set console keymap...
[    5.510624] iscsi: registered transport (tcp)
         Starting Set console keymap...
[    5.514253] EXT4-fs (sda1): re-mounted. Opts: (null)
[    5.519443] systemd[1]: Starting Journal Service...
         Starting Journal Service...
[    5.527544] systemd[1]: Starting Nameserver information manager...
         Starting Nameserver information manager...
[    5.543683] systemd[1]: Starting Create list of required static device nodes for the current kernel...
         Starting Create list of required st... nodes for the current kernel...
[    5.555747] systemd[1]: Mounting Debug File System...
         Mounting Debug File System...
[    5.567386] systemd[1]: Mounting Huge Pages File System...
         Mounting Huge Pages File System...
[    5.570206] systemd[1]: Listening on LVM2 metadata daemon socket.
[[0;32m  OK  [0m] Listening on LVM2 metadata daemon socket.
[    5.575651] systemd[1]: Created slice system-serial\x2dgetty.slice.
[[0;32m  OK  [0m] Created slice system-serial\x2dgetty.slice.
[    5.578969] systemd[1]: Reached target Swap.
[[0;32m  OK  [0m] Reached target Swap.
[    5.581452] systemd[1]: Listening on /dev/initctl Compatibility Named Pipe.
[[0;32m  OK  [0m] Listening on /dev/initctl Compatibility Named Pipe.
[    5.586535] systemd[1]: Listening on Device-mapper event daemon FIFOs.
[[0;32m  OK  [0m] Listening on Device-mapper event daemon FIFOs.
[    5.595659] iscsi: registered transport (iser)
[    5.610650] systemd[1]: Starting Monitoring of LVM2 mirrors, snapshots etc. using dmeventd or progress polling...
         Starting Monitoring of LVM2 mirrors... dmeventd or progress polling...
[    5.623779] systemd[1]: Mounted Huge Pages File System.
[[0;32m  OK  [0m] Mounted Huge Pages File System.
[    5.626828] systemd[1]: Mounted POSIX Message Queue File System.
[[0;32m  OK  [0m] Mounted POSIX Message Queue File System.
[    5.633901] systemd[1]: Mounted Debug File System.
[[0;32m  OK  [0m] Mounted Debug File System.
[    5.642696] systemd[1]: Started Journal Service.
[[0;32m  OK  [0m] Started Journal Service.
[[0;32m  OK  [0m] Started Load Kernel Modules.
[[0;32m  OK  [0m] Started Uncomplicated firewall.
[[0;32m  OK  [0m] Started Remount Root and Kernel File Systems.
[[0;32m  OK  [0m] Started Set console keymap.
[[0;32m  OK  [0m] Started Create list of required sta...ce nodes for the current kernel.
[[0;32m  OK  [0m] Started Nameserver information manager.
[[0;32m  OK  [0m] Started LVM2 metadata daemon.
         Starting Create Static Device Nodes in /dev...
         Starting Load/Save Random Seed...
         Starting udev Coldplug all Devices...
         Starting Apply Kernel Variables...
         Mounting FUSE Control File System...
         Starting Flush Journal to Persistent Storage...
[[0;32m  OK  [0m] Started Load/Save Random Seed.
[[0;32m  OK  [0m] Started Create Static Device Nodes in /dev.
[[0;32m  OK  [0m] Started Apply Kernel Variables.
[[0;32m  OK  [0m] Mounted FUSE Control File System.
         Starting udev Kernel Device Manager...
[[0;32m  OK  [0m] Started Flush Journal to Persistent Storage.
[[0;32m  OK  [0m] Started udev Kernel Device Manager.
[[0;32m  OK  [0m] Started udev Coldplug all Devices.
[[0;32m  OK  [0m] Started Dispatch Password Requests to Console Directory Watch.
[[0;32m  OK  [0m] Found device /dev/ttyS0.
[[0;32m  OK  [0m] Listening on Load/Save RF Kill Switch Status /dev/rfkill Watch.
[[0;32m  OK  [0m] Started Monitoring of LVM2 mirrors,...ng dmeventd or progress polling.
[[0;32m  OK  [0m] Reached target Local File Systems (Pre).
[[0;32m  OK  [0m] Reached target Local File Systems.
         Starting LSB: AppArmor initialization...
         Starting Commit a transient machine-id on disk...
         Starting Initial cloud-init job (pre-networking)...
         Starting Create Volatile Files and Directories...
         Starting Set console font and keymap...
         Starting Tell Plymouth To Write Out Runtime Data...
[[0;32m  OK  [0m] Started Commit a transient machine-id on disk.
[[0;32m  OK  [0m] Started Create Volatile Files and Directories.
[[0;32m  OK  [0m] Started Tell Plymouth To Write Out Runtime Data.
         Starting Update UTMP about System Boot/Shutdown...
[[0;32m  OK  [0m] Started Update UTMP about System Boot/Shutdown.
[[0;32m  OK  [0m] Started Set console font and keymap.
[[0;32m  OK  [0m] Created slice system-getty.slice.
[    8.493097] cloud-init[613]: Cloud-init v. 20.2-45-g5f7825e2-0ubuntu1~16.04.1 running 'init-local' at Wed, 02 Sep 2020 08:17:34 +0000. Up 7.86 seconds.
[[0;32m  OK  [0m] Started Initial cloud-init job (pre-networking).
[[0;32m  OK  [0m] Reached target Network (Pre).
[[0;32m  OK  [0m] Started LSB: AppArmor initialization.
         Starting Raise network interfaces...
         Starting Load AppArmor profiles managed internally by snapd...
[[0;32m  OK  [0m] Started Load AppArmor profiles managed internally by snapd.
[[0;32m  OK  [0m] Started Raise network interfaces.
         Starting Initial cloud-init job (metadata service crawler)...
[[0;32m  OK  [0m] Reached target Network.
[   10.732818] cloud-init[959]: Cloud-init v. 20.2-45-g5f7825e2-0ubuntu1~16.04.1 running 'init' at Wed, 02 Sep 2020 08:17:36 +0000. Up 10.07 seconds.
[   10.740554] cloud-init[959]: ci-info: ++++++++++++++++++++++++++++++++++++++Net device info++++++++++++++++++++++++++++++++++++++
[   10.742190] cloud-init[959]: ci-info: +--------+------+----------------------------+---------------+--------+-------------------+
[   10.743716] cloud-init[959]: ci-info: | Device |  Up  |          Address           |      Mask     | Scope  |     Hw-Address    |
[   10.746258] cloud-init[959]: ci-info: +--------+------+----------------------------+---------------+--------+-------------------+
[   10.748838] cloud-init[959]: ci-info: | enp0s3 | True |         10.0.2.15          | 255.255.255.0 | global | 02:98:c6:81:17:55 |
[   10.750863] cloud-init[959]: ci-info: | enp0s3 | True | fe80::98:c6ff:fe81:1755/64 |       .       |  link  | 02:98:c6:81:17:55 |
[   10.753226] cloud-init[959]: ci-info: |   lo   | True |         127.0.0.1          |   255.0.0.0   |  host  |         .         |
[   10.755843] cloud-init[959]: ci-info: |   lo   | True |          ::1/128           |       .       |  host  |         .         |
[   10.758373] cloud-init[959]: ci-info: +--------+------+----------------------------+---------------+--------+-------------------+
[   10.760884] cloud-init[959]: ci-info: +++++++++++++++++++++++++++Route IPv4 info++++++++++++++++++++++++++++
[   10.763255] cloud-init[959]: ci-info: +-------+-------------+----------+---------------+-----------+-------+
[   10.765561] cloud-init[959]: ci-info: | Route | Destination | Gateway  |    Genmask    | Interface | Flags |
[   10.767850] cloud-init[959]: ci-info: +-------+-------------+----------+---------------+-----------+-------+
[   10.769471] cloud-init[959]: ci-info: |   0   |   0.0.0.0   | 10.0.2.2 |    0.0.0.0    |   enp0s3  |   UG  |
[   10.771761] cloud-init[959]: ci-info: |   1   |   10.0.2.0  | 0.0.0.0  | 255.255.255.0 |   enp0s3  |   U   |
[   10.774056] cloud-init[959]: ci-info: +-------+-------------+----------+---------------+-----------+-------+
[   10.776364] cloud-init[959]: ci-info: +++++++++++++++++++Route IPv6 info+++++++++++++++++++
[   10.778325] cloud-init[959]: ci-info: +-------+-------------+---------+-----------+-------+
[   10.780311] cloud-init[959]: ci-info: | Route | Destination | Gateway | Interface | Flags |
[   10.782345] cloud-init[959]: ci-info: +-------+-------------+---------+-----------+-------+
[   10.784336] cloud-init[959]: ci-info: |   0   |  fe80::/64  |    ::   |   enp0s3  |   U   |
[   10.793261] cloud-init[959]: ci-info: |   3   |   ff00::/8  |    ::   |   enp0s3  |   U   |
[   10.801072] cloud-init[959]: ci-info: +-------+-------------+---------+-----------+-------+
[   10.808899] cloud-init[959]: Generating public/private rsa key pair.
[   10.810133] cloud-init[959]: Your identification has been saved in /etc/ssh/ssh_host_rsa_key.
[   10.811474] cloud-init[959]: Your public key has been saved in /etc/ssh/ssh_host_rsa_key.pub.
[   10.820587] cloud-init[959]: The key fingerprint is:
[   10.828664] cloud-init[959]: SHA256:LsZSxr3jfhycB5hRX4YW9OO55mmuAuHddtXmfOERAkE root@ubuntu-xenial
[[0;32m  OK  [0m] Started Initial cloud-init job (metadata service crawler).
[   10.829014] cloud-init[959]: The key's randomart image is:
[   10.836355] cloud-init[959]: +---[RSA 2048]----+
[   10.836718] cloud-init[959]: |         .oE=oo  |
[[0;32m  OK  [0m] Reached target Network is Online.
[   10.836804] cloud-init[959]: |        .  .o= . |
[   10.836887] cloud-init[959]: |         + .. + o|
[   10.852955] cloud-init[959]: |     . .+ .  . =+|
[   10.854092] cloud-init[959]: |      +.S+ +  +=o|
[   10.860894] cloud-init[959]: |     + .o.= + .o+|
[   10.861174] cloud-init[959]: |    . + +o + .o .|
         Starting iSCSI initiator daemon (iscsid)...
[[0;32m  OK  [0m] Reached target Cloud-config availability.
[[0;32m  OK  [0m] Reached target System Initialization.
[[0;32m  OK  [0m] Listening on UUID daemon activation socket.
[   10.861581] cloud-init[959]: |     o o .+  o.. |
         Starting Socket activation for snappy daemon.
[[0;32m  OK  [0m] Listening on D-Bus System Message Bus Socket.
[   10.889528] cloud-init[959]: |       .o. ..++  |
[   10.904654] cloud-init[959]: +----[SHA256]-----+
[   10.905239] cloud-init[959]: Generating public/private dsa key pair.
[   10.906296] cloud-init[959]: Your identification has been saved in /etc/ssh/ssh_host_dsa_key.
[   10.907095] cloud-init[959]: Your public key has been saved in /etc/ssh/ssh_host_dsa_key.pub.
[   10.907809] cloud-init[959]: The key fingerprint is:
[   10.908705] cloud-init[959]: SHA256:8iV27q6WFhgsWL2SztNOa2M9i9kRGKudVL8my3v0N9k root@ubuntu-xenial
[   10.908808] cloud-init[959]: The key's randomart image is:
[   10.909392] cloud-init[959]: +---[DSA 1024]----+
[   10.909770] cloud-init[959]: |     .           |
[   10.910497] cloud-init[959]: |    . .          |
[   10.911549] cloud-init[959]: |   o o...        |
[   10.911993] cloud-init[959]: |  . + += .       |
[   10.913010] cloud-init[959]: |   o +=oS +      |
[   10.913426] cloud-init[959]: |    +++=.*..     |
[   10.914490] cloud-init[959]: |    .+oo+++.   o |
[   10.914973] cloud-init[959]: |      *=**. . + E|
[   10.915807] cloud-init[959]: |     oo+BBo  . . |
[   10.917039] cloud-init[959]: +----[SHA256]-----+
[   10.917494] cloud-init[959]: Generating public/private ecdsa key pair.
[   10.918380] cloud-init[959]: Your identification has been saved in /etc/ssh/ssh_host_ecdsa_key.
[   10.919419] cloud-init[959]: Your public key has been saved in /etc/ssh/ssh_host_ecdsa_key.pub.
[   10.919892] cloud-init[959]: The key fingerprint is:
[   10.920241] cloud-init[959]: SHA256:Q/EHSHH317UWnveJVYdxD5SRUgw6GDCqTHYqfVe58PY root@ubuntu-xenial
[   10.920684] cloud-init[959]: The key's randomart image is:
[   10.921805] cloud-init[959]: +---[ECDSA 256]---+
[   10.922599] cloud-init[959]: |      oo=oo o=*B=|
[   10.923624] cloud-init[959]: |     . ..B +..*oX|
[   10.924357] cloud-init[959]: |  o o . = + ...*=|
[   10.924817] cloud-init[959]: | = +   = . o  +.+|
[   10.925265] cloud-init[959]: |. = . . S    . ..|
[   10.926098] cloud-init[959]: | . . . . o       |
[[0;32m  OK  [0m] Listening on ACPID Listen Socket.
[   10.926819] cloud-init[959]: |          E      |
[   10.949083] [[0;32m  OK  [0m] Started Message of the Day.
cloud-init[959]: |                 |
[   10.951521]          Starting LXD - unix socket.
[[0;32m  OK  [0m] Started Daily apt download activities.
[[0;32m  OK  [0m] Started Daily apt upgrade and clean activities.
cloud-init[959]: |                 |
[[0;32m  OK  [0m] Started ACPI Events Check.
[[0;32m  OK  [0m] Reached target Paths.
[[0;32m  OK  [0m] [   10.956036] Started Daily Cleanup of Temporary Directories.cloud-init
[959]: [+----[SHA256]-----+[0;32m  OK  [0m
] Reached target Timers.
[   10.961723] cloud-init[959]: Generating public/private ed25519 key pair.
[   10.973746] cloud-init[959]: Your identification has been saved in /etc/ssh/ssh_host_ed25519_key.
[   10.976788] cloud-init[959]: Your public key has been saved in /etc/ssh/ssh_host_ed25519_key.pub.
[[0;32m  OK  [0m] Listening on Socket activation for snappy daemon.
[   10.980613] [[0;32m  OK  [0m] Listening on LXD - unix socket.
[[0;32m  OK  [0m] Reached target Sockets.
[[0;32m  OK  [0m] Reached target Basic System.
cloud-init[959]: The key fingerprint is:
[   10.985692] cloud-init[959]: SHA256:ZFUJyeZK5igwdDELDgo0cGVQ6IhPfXMRRcFi70n7EYo root@ubuntu-xenial
[   10.987869] cloud-init[959]: The key's randomart image is:
[   10.989859]          cloud-initStarting Pollinate to seed the pseudo random number generator...[959]: 
+--[ED25519 256]--+
[[0;32m  OK  [0m] Started D-Bus System Message Bus.
[   11.001448] cloud-init[959]: |*o+=*.  .**=..   |
[   11.007870] cloud-init[959]: |o++o.o  +.= .    |
[   11.020974] cloud-init[959]: |o+.o.  .o*       |
[   11.028692] cloud-init[959]: |o = . oo+ + .    |
[   11.036676] cloud-init[959]: | o o . BS= + .   |
[   11.038795] cloud-init[959]: |  . . . E = .    |
[   11.040482] cloud-init[959]: |     .     . .   |
[   11.049225] cloud-init[959]: |            .    |
[   11.049741] cloud-init[959]: |                 |
[   11.050537] cloud-init[959]: +----[SHA256]-----+
[[0;32m  OK  [0m] Started FUSE filesystem for LXC.
[[0;32m  OK  [0m] Started Deferred execution scheduler.
         Starting /etc/rc.local Compatibility...
         Starting System Logging Service...
         Starting LXD - container startup/shutdown...
         Starting Virtualbox guest utils...
[[0;32m  OK  [0m] Started Regular background program processing daemon.
         Starting LSB: Record successful boot for GRUB...
         Starting Login Service...
[[0;32m  OK  [0m] Started ACPI event daemon.
         Starting LSB: MD monitoring daemon...
         Starting Accounts Service...
         Starting Snap Daemon...
[[0;32m  OK  [0m] Started iSCSI initiator daemon (iscsid).
[[0;32m  OK  [0m] Started /etc/rc.local Compatibility.
[[0;32m  OK  [0m] Started System Logging Service.
         Starting Login to default iSCSI targets...
[[0;32m  OK  [0m] Started Login Service.
[[0;32m  OK  [0m] Started Unattended Upgrades Shutdown.
[[0;32m  OK  [0m] Started LSB: Record successful boot for GRUB.
[[0;32m  OK  [0m] Started Login to default iSCSI targets.
[[0;32m  OK  [0m] Reached target Remote File Systems (Pre).
[[0;32m  OK  [0m] Reached target Remote File Systems.
         Starting LSB: daemon to balance interrupts for SMP systems...
         Starting LSB: automatic crash report generation...
         Starting LSB: Set the CPU Frequency Scaling governor to "ondemand"...
         Starting Permit User Sessions...
[[0;32m  OK  [0m] Started LSB: MD monitoring daemon.
[[0;32m  OK  [0m] Started Permit User Sessions.
         Starting Hold until boot process finishes up...
         Starting Terminate Plymouth Boot Screen...
[[0;32m  OK  [0m] Started Hold until boot process finishes up.
[[0;32m  OK  [0m] Started Terminate Plymouth Boot Screen.
[[0;32m  OK  [0m] Started Serial Getty on ttyS0.
[[0;32m  OK  [0m] Started Getty on tty1.
[[0;32m  OK  [0m] Reached target Login Prompts.
         Starting Set console scheme...
[[0;32m  OK  [0m] Started LXD - container startup/shutdown.
[[0;32m  OK  [0m] Started LSB: daemon to balance interrupts for SMP systems.
[[0;32m  OK  [0m] Started LSB: automatic crash report generation.
[[0;32m  OK  [0m] Started LSB: Set the CPU Frequency Scaling governor to "ondemand".
[[0;32m  OK  [0m] Started Virtualbox guest utils.
[[0;32m  OK  [0m] Started Set console scheme.
         Starting Authenticate and Authorize Users to Run Privileged Tasks...
[[0;32m  OK  [0m] Started Authenticate and Authorize Users to Run Privileged Tasks.
[[0;32m  OK  [0m] Started Accounts Service.
[[0;32m  OK  [0m] Started Snap Daemon.
         Starting Wait until snapd is fully seeded...
[[0;32m  OK  [0m] Started Pollinate to seed the pseudo random number generator.
         Starting OpenBSD Secure Shell server...
[[0;32m  OK  [0m] Started OpenBSD Secure Shell server.
[[0;32m  OK  [0m] Created slice User Slice of vagrant.
         Starting User Manager for UID 1000...
[[0;32m  OK  [0m] Started Session 1 of user vagrant.
[[0;32m  OK  [0m] Started User Manager for UID 1000.
[[0;32m  OK  [0m] Started Wait until snapd is fully seeded.
         Starting Apply the settings specified in cloud-config...
[[0;32m  OK  [0m] Reached target Multi-User System.
[[0;32m  OK  [0m] Reached target Graphical Interface.
         Starting Update UTMP about System Runlevel Changes...
[[0;32m  OK  [0m] Started Update UTMP about System Runlevel Changes.
[   14.123069] cloud-init[1398]: Generating locales (this might take a while)...
[   15.571556] cloud-init[1398]:   en_US.UTF-8... done
[   15.581210] cloud-init[1398]: Generation complete.
[   16.032885] cloud-init[1398]: Cloud-init v. 20.2-45-g5f7825e2-0ubuntu1~16.04.1 running 'modules:config' at Wed, 02 Sep 2020 08:17:40 +0000. Up 13.89 seconds.
[[0;32m  OK  [0m] Started Apply the settings specified in cloud-config.
         Starting Execute cloud user/final scripts...
ci-info: no authorized SSH keys fingerprints found for user ubuntu.
<14>Sep  2 08:17:43 ec2: 
<14>Sep  2 08:17:43 ec2: #############################################################
<14>Sep  2 08:17:43 ec2: -----BEGIN SSH HOST KEY FINGERPRINTS-----
<14>Sep  2 08:17:43 ec2: 1024 SHA256:8iV27q6WFhgsWL2SztNOa2M9i9kRGKudVL8my3v0N9k root@ubuntu-xenial (DSA)
<14>Sep  2 08:17:43 ec2: 256 SHA256:Q/EHSHH317UWnveJVYdxD5SRUgw6GDCqTHYqfVe58PY root@ubuntu-xenial (ECDSA)
<14>Sep  2 08:17:43 ec2: 256 SHA256:ZFUJyeZK5igwdDELDgo0cGVQ6IhPfXMRRcFi70n7EYo root@ubuntu-xenial (ED25519)
<14>Sep  2 08:17:43 ec2: 2048 SHA256:LsZSxr3jfhycB5hRX4YW9OO55mmuAuHddtXmfOERAkE root@ubuntu-xenial (RSA)
<14>Sep  2 08:17:43 ec2: -----END SSH HOST KEY FINGERPRINTS-----
<14>Sep  2 08:17:43 ec2: #############################################################
-----BEGIN SSH HOST KEY KEYS-----
ecdsa-sha2-nistp256 AAAAE2VjZHNhLXNoYTItbmlzdHAyNTYAAAAIbmlzdHAyNTYAAABBBMZL0AptCo4qd0Lh2q/vX7QAINWVLKB53BYC0I/qkYzclm0OxNZhk4XoDVkjL3URDOVufa2odXPaMKPf7BWN5eg= root@ubuntu-xenial
ssh-ed25519 AAAAC3NzaC1lZDI1NTE5AAAAIEJhsRZhIralQMS8jmvxO+trlRfDdKV4+7VJbgDxwhVU root@ubuntu-xenial
ssh-rsa AAAAB3NzaC1yc2EAAAADAQABAAABAQDBnOTT5DKioVWCU6X/SDDZjEdGJNXy1c3sMWZY9ugEK3JZpAykPC31d9ycWhEJt+4a/WPxUyXmtQ+KI4RThW0KI1kUupt9baQ4OxfSGG55jgbrjDhIvEF19G54BV8gF8GIe3+KeVIb3k2EbSgE0WRLB7+y6Ep803lOCJeaYKDsXGkoTMwrH9mAlHrfAMF9vTOj3qk28L8nKo3OqBQ6hnXem4VOc3Lw6XZPgl//Dlirq4RzxA7pcVXCFr4RSYLt8ecYCupZTSjOl1H3owxhlDhyagwhxzPx84IAhkAOHyiiygffdqASBm+LIFm6PpFCwNVAjgYBH1LMnNy5Z/wZU12F root@ubuntu-xenial
-----END SSH HOST KEY KEYS-----
[   16.953580] cloud-init[1553]: Cloud-init v. 20.2-45-g5f7825e2-0ubuntu1~16.04.1 running 'modules:final' at Wed, 02 Sep 2020 08:17:43 +0000. Up 16.70 seconds.
[   16.953832] cloud-init[1553]: ci-info: no authorized SSH keys fingerprints found for user ubuntu.
[   16.954312] cloud-init[1553]: Cloud-init v. 20.2-45-g5f7825e2-0ubuntu1~16.04.1 finished at Wed, 02 Sep 2020 08:17:43 +0000. Datasource DataSourceNoCloud [seed=/dev/sdb][dsmode=net].  Up 16.94 seconds

Ubuntu 16.04.7 LTS ubuntu-xenial ttyS0

ubuntu-xenial login: 